[2024-08-08 20:26:54] 	POST /api/payment/querydr - [body: {"orderId":"14549579","transDate":"20240808192934"}] - [ipAddress: ::1 - deviceId: unknown - userAgent: PostmanRuntime/7.41.0]
[2024-08-08 20:28:04] 	POST /api/payment/querydr - [body: {"orderId":"VNP14549579","transDate":"20240808192934"}] - [ipAddress: ::1 - deviceId: unknown - userAgent: PostmanRuntime/7.41.0]
[2024-08-08 20:30:29] 	POST /api/payment/querydr - [body: {"orderId":"66b4ba0ceb3105e70019a835-1723120141181","transDate":"20240808192934"}] - [ipAddress: ::1 - deviceId: unknown - userAgent: PostmanRuntime/7.41.0]
[2024-08-08 20:34:27] 	POST /api/payment/querydr - [body: {"orderId":"66b4ba0ceb3105e70019a835-1723120141181","transDate":"20240808192934"}] - [ipAddress: ::1 - deviceId: unknown - userAgent: PostmanRuntime/7.41.0]
[2024-08-08 20:34:41] 	POST /api/admin/auth/signin - [body: {"username":"0123456789","password":"123456"}] - [ipAddress: ::1 - deviceId: unknown - userAgent: PostmanRuntime/7.41.0]
[2024-08-08 20:34:46] 	POST /api/payment/querydr - [body: {"orderId":"66b4ba0ceb3105e70019a835-1723120141181","transDate":"20240808192934"}] -  [userid: 0123456789] - [ipAddress: ::1 - deviceId: unknown - userAgent: PostmanRuntime/7.41.0]
[2024-08-08 20:38:19] 	POST /api/payment/return - [body: {"orderId":"66b4ba0ceb3105e70019a835-1723120141181","transDate":"20240808192934","amount":14050000,"transType":"02"}] -  [userid: 0123456789] - [ipAddress: ::1 - deviceId: unknown - userAgent: PostmanRuntime/7.41.0]
[2024-08-08 20:39:40] 	POST /api/payment/return - [body: {"orderId":"66b4ba0ceb3105e70019a835-1723120141181","transDate":"20240808192934","amount":60000,"transType":"02"}] -  [userid: 0123456789] - [ipAddress: ::1 - deviceId: unknown - userAgent: PostmanRuntime/7.41.0]
[2024-08-08 20:44:03] 	POST /api/payment/querydr - [body: {"orderId":"66b4ba0ceb3105e70019a835-1723120141181","transDate":"20240808192934"}] -  [userid: 0123456789] - [ipAddress: ::1 - deviceId: unknown - userAgent: PostmanRuntime/7.41.0]
[2024-08-08 20:44:06] 	POST /api/payment/querydr - [body: {"orderId":"66b4ba0ceb3105e70019a835-1723120141181","transDate":"20240808192934"}] -  [userid: 0123456789] - [ipAddress: ::1 - deviceId: unknown - userAgent: PostmanRuntime/7.41.0]
[2024-08-08 20:44:59] 	POST /api/payment/querydr - [body: {"orderId":"66b4ba0ceb3105e70019a835-1723120141181","transDate":"20240808192934"}] -  [userid: 0123456789] - [ipAddress: ::1 - deviceId: unknown - userAgent: PostmanRuntime/7.41.0]
[2024-08-08 20:45:05] 	POST /api/payment/querydr - [body: {"orderId":"66b4ba0ceb3105e70019a835-1723120141181","transDate":"20240808192934"}] -  [userid: 0123456789] - [ipAddress: ::1 - deviceId: unknown - userAgent: PostmanRuntime/7.41.0]
[2024-08-08 20:45:47] 	POST /api/payment/querydr - [body: {"orderId":"66b4ba0ceb3105e70019a835-1723120141181","transDate":"20240808192934"}] -  [userid: 0123456789] - [ipAddress: ::1 - deviceId: unknown - userAgent: PostmanRuntime/7.41.0]
[2024-08-08 20:45:49] 	POST /api/payment/querydr - [body: {"orderId":"66b4ba0ceb3105e70019a835-1723120141181","transDate":"20240808192934"}] -  [userid: 0123456789] - [ipAddress: ::1 - deviceId: unknown - userAgent: PostmanRuntime/7.41.0]
[2024-08-08 20:45:51] 	POST /api/payment/querydr - [body: {"orderId":"66b4ba0ceb3105e70019a835-1723120141181","transDate":"20240808192934"}] -  [userid: 0123456789] - [ipAddress: ::1 - deviceId: unknown - userAgent: PostmanRuntime/7.41.0]
[2024-08-08 20:49:27] 	POST /api/payment/return - [body: {"orderId":"66b4ba0ceb3105e70019a835-1723120141181","transDate":"20240808192934","amount":6000,"transType":"02"}] -  [userid: 0123456789] - [ipAddress: ::1 - deviceId: unknown - userAgent: PostmanRuntime/7.41.0]
[2024-08-08 20:51:13] 	POST /api/payment/return - [body: {"orderId":"66b4ba0ceb3105e70019a835-1723120141181","transDate":"20240808192934","amount":6000,"transType":"02"}] -  [userid: 0123456789] - [ipAddress: ::1 - deviceId: unknown - userAgent: PostmanRuntime/7.41.0]
[2024-08-08 20:53:43] 	POST /api/payment/return - [body: {"orderId":"66b4ba0ceb3105e70019a835-1723120141181","transDate":"20240808192934","amount":6000,"transType":"02"}] -  [userid: 0123456789] - [ipAddress: ::1 - deviceId: unknown - userAgent: PostmanRuntime/7.41.0]
[2024-08-08 20:55:49] 	POST /api/payment/return - [body: {"orderId":"66b4ba0ceb3105e70019a835-1723120141181","transDate":"20240808192934","amount":6000,"transType":"03"}] -  [userid: 0123456789] - [ipAddress: ::1 - deviceId: unknown - userAgent: PostmanRuntime/7.41.0]
[2024-08-08 21:10:24] 	POST /api/payment/return - [body: {"orderId":"66b4ba0ceb3105e70019a835-1723120141181","transDate":"20240808192934","amount":6000,"transType":"03"}] -  [userid: 0123456789] - [ipAddress: ::1 - deviceId: unknown - userAgent: PostmanRuntime/7.41.0]
[2024-08-08 21:45:31] 	POST /api/payment/return - [body: {"orderId":"66b4ba0ceb3105e70019a835-1723120141181","transDate":"20240808192934","amount":6000,"transType":"03"}] -  [userid: 0123456789] - [ipAddress: ::1 - deviceId: unknown - userAgent: PostmanRuntime/7.41.0]
[2024-08-08 21:48:41] 	POST /api/payment/return - [body: {"orderId":"66b4ba0ceb3105e70019a835-1723120141181","transDate":"20240808192934","amount":6000,"transType":"03"}] -  [userid: 0123456789] - [ipAddress: ::1 - deviceId: unknown - userAgent: PostmanRuntime/7.41.0]
[2024-08-08 21:52:00] 	POST /api/payment/return - [body: {"orderId":"66b4ba0ceb3105e70019a835-1723120141181","transDate":"20240808192934","amount":6000,"transType":"03"}] -  [userid: 0123456789] - [ipAddress: ::1 - deviceId: unknown - userAgent: PostmanRuntime/7.41.0]
[2024-08-08 21:53:49] 	POST /api/payment/return - [body: {"orderId":"66b4ba0ceb3105e70019a835-1723120141181","transDate":"20240808192934","amount":6000,"transType":"03"}] -  [userid: 0123456789] - [ipAddress: ::1 - deviceId: unknown - userAgent: PostmanRuntime/7.41.0]
