[2024-05-30 11:51:26] 	POST /api/order/9c48d924-a481-493e-8bbe-6d866e89eb70 [status: 500 - message: Lỗi máy chủ: BadRequestError: Không tìm thấy order trước đó
    at orderMenu (/mnt/c/Users/Luu Duc Hai/Workspace/GreenFeast/order-service/backend/services/order.service.js:104:33)
    at process.processTicksAndRejections (node:internal/process/task_queues:95:5)]
[2024-05-30 11:52:44] 	GET /api/admin/order/tables/2 [status: 401 - message: Không thể xác thực, vui lòng kiểm tra trạng thái đăng nhập]
[2024-05-30 11:52:53] 	POST /api/admin/auth/signin [status: 400 - message: Số điện thoại hoặc mật khẩu không đúng]
[2024-05-30 11:53:25] 	GET /api/admin/order/tables/2 [status: 500 - message: Không tìm thấy đường dẫn]
[2024-05-30 11:53:36] 	GET /api/admin/order/tables/2 [status: 500 - message: Không tìm thấy đường dẫn]
[2024-05-30 11:54:05] 	GET /api/admin/order/tables/2 [status: 500 - message: Không tìm thấy đường dẫn]
[2024-05-30 11:55:53] 	GET /api/admin/order/tables/2 [status: 500 - message: Không tìm thấy đường dẫn]
[2024-05-30 11:57:45] 	GET /api/admin/order/tables/2 [status: 500 - message: connect ECONNREFUSED 127.0.0.1:5000]
[2024-05-30 11:58:13] 	POST /api/order/9c48d924-a481-493e-8bbe-6d866e89eb70 [status: 500 - message: Lỗi máy chủ: BadRequestError: Không tìm thấy order trước đó
    at orderMenu (/mnt/c/Users/Luu Duc Hai/Workspace/GreenFeast/order-service/backend/services/order.service.js:104:33)
    at process.processTicksAndRejections (node:internal/process/task_queues:95:5)]
[2024-05-30 11:58:45] 	POST /api/order/9c48d924-a481-493e-8bbe-6d866e89eb70 [status: 500 - message: Lỗi máy chủ: InternalServerError: Order validation failed: order_detail.0.order_person._id: Cast to ObjectId failed for value "15aba52f-e3fe-44c7-ba2a-cdc99498bf82" (type string) at path "order_person._id" because of "BSONError"
    at orderMenu (/mnt/c/Users/Luu Duc Hai/Workspace/GreenFeast/order-service/backend/services/order.service.js:131:25)
    at process.processTicksAndRejections (node:internal/process/task_queues:95:5)]
[2024-05-30 11:59:07] 	POST /api/order/9c48d924-a481-493e-8bbe-6d866e89eb70 [status: 500 - message: Lỗi máy chủ: InternalServerError: Order validation failed: order_detail.0.order_person._id: Cast to ObjectId failed for value "f655b5f9-e2dc-4048-bf54-7ecb7fbaae6e" (type string) at path "order_person._id" because of "BSONError"
    at orderMenu (/mnt/c/Users/Luu Duc Hai/Workspace/GreenFeast/order-service/backend/services/order.service.js:131:25)
    at process.processTicksAndRejections (node:internal/process/task_queues:95:5)]
[2024-05-30 13:59:24] 	GET /api/admin/order/move-table?from=A01&to=A02 [status: 500 - message: Không tìm thấy đường dẫn]
[2024-05-30 14:01:56] 	GET /api/admin/order/move-table?from=B01&to=A01 [status: 500 - message: Lỗi máy chủ: BadRequestError: Bàn này chưa thực hiện đặt món
    at moveTable (/mnt/c/Users/Luu Duc Hai/Workspace/GreenFeast/order-service/backend/services/order.service.js:328:29)
    at process.processTicksAndRejections (node:internal/process/task_queues:95:5)]
[2024-05-30 14:02:43] 	GET /api/admin/order/move-table?from=B01&to=A01 [status: 500 - message: Bàn này chưa thực hiện đặt món]
[2024-05-30 14:08:57] 	POST /api/payment/create-payment-url [status: 500 - message: connect ECONNREFUSED 127.0.0.1:5005]
[2024-05-30 15:31:41] 	GET /api/order/verify-slug/1 [status: 500 - message: The client is closed]
[2024-05-30 15:34:53] 	GET /api/order/verify-slug/1 [status: 500 - message: The client is closed]
[2024-05-30 15:37:08] 	GET /api/order/verify-slug/1 [status: 500 - message: The client is closed]
[2024-05-30 15:37:56] 	GET /api/order/verify-slug/1 [status: 500 - message: connect ECONNREFUSED 127.0.0.1:5000]
[2024-05-30 15:38:06] 	GET /api/order/verify-slug/1 [status: 500 - message: The client is closed]
[2024-05-30 15:40:00] 	GET /api/order/verify-slug/1 [status: 500 - message: table is not defined]
[2024-05-30 15:43:24] 	GET /api/order/verify-slug/1 [status: 500 - message: table is not defined]
[2024-05-30 15:45:39] 	GET /api/order/verify-slug/1 [status: 500 - message: table is not defined]
[2024-05-30 15:46:16] 	GET /api/order/verify-slug/1 [status: 500 - message: table is not defined]
[2024-05-30 15:46:41] 	GET /api/order/verify-slug/1 [status: 500 - message: table is not defined]
[2024-05-30 15:47:33] 	GET /api/order/verify-slug/1 [status: 500 - message: table is not defined]
[2024-05-30 15:48:37] 	GET /api/order/verify-slug/1 [status: 500 - message: table is not defined]
[2024-05-30 15:50:21] 	GET /api/order/verify-slug/1 [status: 500 - message: table is not defined]
[2024-05-30 15:51:15] 	GET /api/order/verify-slug/1 [status: 500 - message: table is not defined]
[2024-05-30 15:52:07] 	GET /api/order/verify-slug/1 [status: 500 - message: table is not defined]
[2024-05-30 15:52:47] 	GET /api/order/verify-slug/1 [status: 500 - message: table is not defined]
[2024-05-30 15:53:25] 	GET /api/order/verify-slug/1 [status: 500 - message: Unexpected token 'C', "Cookie_1=v"... is not valid JSON]
[2024-05-30 15:56:01] 	GET /api/order/verify-slug/1 [status: 500 - message: table is not defined]
[2024-05-30 16:01:22] 	GET /api/order/verify-slug/506d9ecb-4467-49ff-84ab-48eff5ee1c14 [status: 500 - message: Cannot access 'tableSlug' before initialization]
[2024-05-30 16:05:25] 	GET /api/order/verify-slug/1 [status: 500 - message: Mã đặt bàn không hợp lệ]
[2024-05-30 16:05:46] 	GET /api/order/verify-slug/506d9ecb-4467-49ff-84ab-48eff5ee1c14 [status: 500 - message: connect ECONNREFUSED 127.0.0.1:5000]
[2024-05-30 16:06:29] 	GET /api/order/verify-slug/1 [status: 500 - message: Mã đặt bàn không hợp lệ, vui lòng quét lại QR]
[2024-05-30 16:06:41] 	GET /api/order/verify-slug/1 [status: 500 - message: Mã đặt bàn không hợp lệ, vui lòng quét lại QR]
[2024-05-30 16:07:16] 	GET /api/order/verify-slug/1 [status: 500 - message: Mã đặt bàn không hợp lệ, vui lòng quét lại QR]
