[2024-07-06 17:45:54] 	POST /api/admin/auth/signin [status: 400 - message: Số điện thoại hoặc mật khẩu không đúng]
[2024-07-06 17:45:57] 	POST /api/admin/auth/signin [status: 400 - message: Số điện thoại hoặc mật khẩu không đúng]
[2024-07-06 17:47:24] 	GET /api/admin/menu/search?keyword= [status: 500 - message: Thiếu từ khóa tìm kiếm]
[2024-07-06 18:54:51] 	GET /api/admin/menu/search?keyword= [status: 500 - message: Thiếu từ khóa tìm kiếm]
[2024-07-06 18:59:41] 	GET /api/order/menu/search?keyword= [status: 500 - message: ]
[2024-07-06 18:59:41] 	GET /api/order/category/get-all [status: 500 - message: ]
[2024-07-06 18:59:41] 	GET /api/order/menu/get-list [status: 500 - message: ]
[2024-07-06 19:04:20] 	GET /api/order/menu/search?keyword= [status: 500 - message: ]
[2024-07-06 19:04:20] 	GET /api/order/category/get-all [status: 500 - message: ]
[2024-07-06 19:04:20] 	GET /api/order/menu/get-list [status: 500 - message: ]
[2024-07-06 20:40:19] 	GET /api/statistics/get-revenue?from=undefinedT00%3A00%3A00&to=undefinedT00%3A00%3A00 [status: 500 - message: Lỗi máy chủ: BadRequestError: Định dạng ngày tháng không hợp lệ
    at getRevenue (C:\Study\KhoaLuan\dev\GreenFeast\statistics-service\backend\services\statistics.service.js:52:29)
    at Layer.handle [as handle_request] (C:\Study\KhoaLuan\dev\GreenFeast\statistics-service\backend\node_modules\express\lib\router\layer.js:95:5)
    at next (C:\Study\KhoaLuan\dev\GreenFeast\statistics-service\backend\node_modules\express\lib\router\route.js:149:13)
    at Route.dispatch (C:\Study\KhoaLuan\dev\GreenFeast\statistics-service\backend\node_modules\express\lib\router\route.js:119:3)
    at Layer.handle [as handle_request] (C:\Study\KhoaLuan\dev\GreenFeast\statistics-service\backend\node_modules\express\lib\router\layer.js:95:5)
    at C:\Study\KhoaLuan\dev\GreenFeast\statistics-service\backend\node_modules\express\lib\router\index.js:284:15
    at Function.process_params (C:\Study\KhoaLuan\dev\GreenFeast\statistics-service\backend\node_modules\express\lib\router\index.js:346:12)
    at next (C:\Study\KhoaLuan\dev\GreenFeast\statistics-service\backend\node_modules\express\lib\router\index.js:280:10)
    at Function.handle (C:\Study\KhoaLuan\dev\GreenFeast\statistics-service\backend\node_modules\express\lib\router\index.js:175:3)
    at router (C:\Study\KhoaLuan\dev\GreenFeast\statistics-service\backend\node_modules\express\lib\router\index.js:47:12)]
[2024-07-06 20:40:57] 	GET /api/statistics/get-revenue?from=undefinedT00%3A00%3A00&to=undefinedT00%3A00%3A00 [status: 500 - message: Lỗi máy chủ: BadRequestError: Định dạng ngày tháng không hợp lệ
    at getRevenue (C:\Study\KhoaLuan\dev\GreenFeast\statistics-service\backend\services\statistics.service.js:52:29)
    at Layer.handle [as handle_request] (C:\Study\KhoaLuan\dev\GreenFeast\statistics-service\backend\node_modules\express\lib\router\layer.js:95:5)
    at next (C:\Study\KhoaLuan\dev\GreenFeast\statistics-service\backend\node_modules\express\lib\router\route.js:149:13)
    at Route.dispatch (C:\Study\KhoaLuan\dev\GreenFeast\statistics-service\backend\node_modules\express\lib\router\route.js:119:3)
    at Layer.handle [as handle_request] (C:\Study\KhoaLuan\dev\GreenFeast\statistics-service\backend\node_modules\express\lib\router\layer.js:95:5)
    at C:\Study\KhoaLuan\dev\GreenFeast\statistics-service\backend\node_modules\express\lib\router\index.js:284:15
    at Function.process_params (C:\Study\KhoaLuan\dev\GreenFeast\statistics-service\backend\node_modules\express\lib\router\index.js:346:12)
    at next (C:\Study\KhoaLuan\dev\GreenFeast\statistics-service\backend\node_modules\express\lib\router\index.js:280:10)
    at Function.handle (C:\Study\KhoaLuan\dev\GreenFeast\statistics-service\backend\node_modules\express\lib\router\index.js:175:3)
    at router (C:\Study\KhoaLuan\dev\GreenFeast\statistics-service\backend\node_modules\express\lib\router\index.js:47:12)]
[2024-07-06 20:41:38] 	GET /api/statistics/get-revenue?from=undefinedT00%3A00%3A00&to=undefinedT00%3A00%3A00 [status: 500 - message: Lỗi máy chủ: BadRequestError: Định dạng ngày tháng không hợp lệ
    at getRevenue (C:\Study\KhoaLuan\dev\GreenFeast\statistics-service\backend\services\statistics.service.js:52:29)
    at Layer.handle [as handle_request] (C:\Study\KhoaLuan\dev\GreenFeast\statistics-service\backend\node_modules\express\lib\router\layer.js:95:5)
    at next (C:\Study\KhoaLuan\dev\GreenFeast\statistics-service\backend\node_modules\express\lib\router\route.js:149:13)
    at Route.dispatch (C:\Study\KhoaLuan\dev\GreenFeast\statistics-service\backend\node_modules\express\lib\router\route.js:119:3)
    at Layer.handle [as handle_request] (C:\Study\KhoaLuan\dev\GreenFeast\statistics-service\backend\node_modules\express\lib\router\layer.js:95:5)
    at C:\Study\KhoaLuan\dev\GreenFeast\statistics-service\backend\node_modules\express\lib\router\index.js:284:15
    at Function.process_params (C:\Study\KhoaLuan\dev\GreenFeast\statistics-service\backend\node_modules\express\lib\router\index.js:346:12)
    at next (C:\Study\KhoaLuan\dev\GreenFeast\statistics-service\backend\node_modules\express\lib\router\index.js:280:10)
    at Function.handle (C:\Study\KhoaLuan\dev\GreenFeast\statistics-service\backend\node_modules\express\lib\router\index.js:175:3)
    at router (C:\Study\KhoaLuan\dev\GreenFeast\statistics-service\backend\node_modules\express\lib\router\index.js:47:12)]
[2024-07-06 20:42:09] 	GET /api/statistics/get-revenue?from=undefinedT00%3A00%3A00&to=undefinedT00%3A00%3A00 [status: 500 - message: Lỗi máy chủ: BadRequestError: Định dạng ngày tháng không hợp lệ
    at getRevenue (C:\Study\KhoaLuan\dev\GreenFeast\statistics-service\backend\services\statistics.service.js:52:29)
    at Layer.handle [as handle_request] (C:\Study\KhoaLuan\dev\GreenFeast\statistics-service\backend\node_modules\express\lib\router\layer.js:95:5)
    at next (C:\Study\KhoaLuan\dev\GreenFeast\statistics-service\backend\node_modules\express\lib\router\route.js:149:13)
    at Route.dispatch (C:\Study\KhoaLuan\dev\GreenFeast\statistics-service\backend\node_modules\express\lib\router\route.js:119:3)
    at Layer.handle [as handle_request] (C:\Study\KhoaLuan\dev\GreenFeast\statistics-service\backend\node_modules\express\lib\router\layer.js:95:5)
    at C:\Study\KhoaLuan\dev\GreenFeast\statistics-service\backend\node_modules\express\lib\router\index.js:284:15
    at Function.process_params (C:\Study\KhoaLuan\dev\GreenFeast\statistics-service\backend\node_modules\express\lib\router\index.js:346:12)
    at next (C:\Study\KhoaLuan\dev\GreenFeast\statistics-service\backend\node_modules\express\lib\router\index.js:280:10)
    at Function.handle (C:\Study\KhoaLuan\dev\GreenFeast\statistics-service\backend\node_modules\express\lib\router\index.js:175:3)
    at router (C:\Study\KhoaLuan\dev\GreenFeast\statistics-service\backend\node_modules\express\lib\router\index.js:47:12)]
[2024-07-06 20:42:27] 	GET /api/statistics/get-revenue?from=undefinedT00%3A00%3A00&to=undefinedT00%3A00%3A00 [status: 500 - message: Lỗi máy chủ: BadRequestError: Định dạng ngày tháng không hợp lệ
    at getRevenue (C:\Study\KhoaLuan\dev\GreenFeast\statistics-service\backend\services\statistics.service.js:52:29)
    at Layer.handle [as handle_request] (C:\Study\KhoaLuan\dev\GreenFeast\statistics-service\backend\node_modules\express\lib\router\layer.js:95:5)
    at next (C:\Study\KhoaLuan\dev\GreenFeast\statistics-service\backend\node_modules\express\lib\router\route.js:149:13)
    at Route.dispatch (C:\Study\KhoaLuan\dev\GreenFeast\statistics-service\backend\node_modules\express\lib\router\route.js:119:3)
    at Layer.handle [as handle_request] (C:\Study\KhoaLuan\dev\GreenFeast\statistics-service\backend\node_modules\express\lib\router\layer.js:95:5)
    at C:\Study\KhoaLuan\dev\GreenFeast\statistics-service\backend\node_modules\express\lib\router\index.js:284:15
    at Function.process_params (C:\Study\KhoaLuan\dev\GreenFeast\statistics-service\backend\node_modules\express\lib\router\index.js:346:12)
    at next (C:\Study\KhoaLuan\dev\GreenFeast\statistics-service\backend\node_modules\express\lib\router\index.js:280:10)
    at Function.handle (C:\Study\KhoaLuan\dev\GreenFeast\statistics-service\backend\node_modules\express\lib\router\index.js:175:3)
    at router (C:\Study\KhoaLuan\dev\GreenFeast\statistics-service\backend\node_modules\express\lib\router\index.js:47:12)]
[2024-07-06 20:42:57] 	GET /api/statistics/get-revenue?from=undefinedT00%3A00%3A00&to=undefinedT00%3A00%3A00 [status: 500 - message: Lỗi máy chủ: BadRequestError: Định dạng ngày tháng không hợp lệ
    at getRevenue (C:\Study\KhoaLuan\dev\GreenFeast\statistics-service\backend\services\statistics.service.js:52:29)
    at Layer.handle [as handle_request] (C:\Study\KhoaLuan\dev\GreenFeast\statistics-service\backend\node_modules\express\lib\router\layer.js:95:5)
    at next (C:\Study\KhoaLuan\dev\GreenFeast\statistics-service\backend\node_modules\express\lib\router\route.js:149:13)
    at Route.dispatch (C:\Study\KhoaLuan\dev\GreenFeast\statistics-service\backend\node_modules\express\lib\router\route.js:119:3)
    at Layer.handle [as handle_request] (C:\Study\KhoaLuan\dev\GreenFeast\statistics-service\backend\node_modules\express\lib\router\layer.js:95:5)
    at C:\Study\KhoaLuan\dev\GreenFeast\statistics-service\backend\node_modules\express\lib\router\index.js:284:15
    at Function.process_params (C:\Study\KhoaLuan\dev\GreenFeast\statistics-service\backend\node_modules\express\lib\router\index.js:346:12)
    at next (C:\Study\KhoaLuan\dev\GreenFeast\statistics-service\backend\node_modules\express\lib\router\index.js:280:10)
    at Function.handle (C:\Study\KhoaLuan\dev\GreenFeast\statistics-service\backend\node_modules\express\lib\router\index.js:175:3)
    at router (C:\Study\KhoaLuan\dev\GreenFeast\statistics-service\backend\node_modules\express\lib\router\index.js:47:12)]
[2024-07-06 20:43:03] 	GET /api/statistics/get-revenue?from=undefinedT00%3A00%3A00&to=undefinedT00%3A00%3A00 [status: 500 - message: Lỗi máy chủ: BadRequestError: Định dạng ngày tháng không hợp lệ
    at getRevenue (C:\Study\KhoaLuan\dev\GreenFeast\statistics-service\backend\services\statistics.service.js:52:29)
    at Layer.handle [as handle_request] (C:\Study\KhoaLuan\dev\GreenFeast\statistics-service\backend\node_modules\express\lib\router\layer.js:95:5)
    at next (C:\Study\KhoaLuan\dev\GreenFeast\statistics-service\backend\node_modules\express\lib\router\route.js:149:13)
    at Route.dispatch (C:\Study\KhoaLuan\dev\GreenFeast\statistics-service\backend\node_modules\express\lib\router\route.js:119:3)
    at Layer.handle [as handle_request] (C:\Study\KhoaLuan\dev\GreenFeast\statistics-service\backend\node_modules\express\lib\router\layer.js:95:5)
    at C:\Study\KhoaLuan\dev\GreenFeast\statistics-service\backend\node_modules\express\lib\router\index.js:284:15
    at Function.process_params (C:\Study\KhoaLuan\dev\GreenFeast\statistics-service\backend\node_modules\express\lib\router\index.js:346:12)
    at next (C:\Study\KhoaLuan\dev\GreenFeast\statistics-service\backend\node_modules\express\lib\router\index.js:280:10)
    at Function.handle (C:\Study\KhoaLuan\dev\GreenFeast\statistics-service\backend\node_modules\express\lib\router\index.js:175:3)
    at router (C:\Study\KhoaLuan\dev\GreenFeast\statistics-service\backend\node_modules\express\lib\router\index.js:47:12)]
[2024-07-06 20:46:23] 	GET /api/statistics/get-revenue?from=2024/05/01T00%3A00%3A00&to=2024/06/29T00%3A00%3A00 [status: 500 - message: Lỗi máy chủ: BadRequestError: Định dạng ngày tháng không hợp lệ
    at getRevenue (C:\Study\KhoaLuan\dev\GreenFeast\statistics-service\backend\services\statistics.service.js:52:29)
    at Layer.handle [as handle_request] (C:\Study\KhoaLuan\dev\GreenFeast\statistics-service\backend\node_modules\express\lib\router\layer.js:95:5)
    at next (C:\Study\KhoaLuan\dev\GreenFeast\statistics-service\backend\node_modules\express\lib\router\route.js:149:13)
    at Route.dispatch (C:\Study\KhoaLuan\dev\GreenFeast\statistics-service\backend\node_modules\express\lib\router\route.js:119:3)
    at Layer.handle [as handle_request] (C:\Study\KhoaLuan\dev\GreenFeast\statistics-service\backend\node_modules\express\lib\router\layer.js:95:5)
    at C:\Study\KhoaLuan\dev\GreenFeast\statistics-service\backend\node_modules\express\lib\router\index.js:284:15
    at Function.process_params (C:\Study\KhoaLuan\dev\GreenFeast\statistics-service\backend\node_modules\express\lib\router\index.js:346:12)
    at next (C:\Study\KhoaLuan\dev\GreenFeast\statistics-service\backend\node_modules\express\lib\router\index.js:280:10)
    at Function.handle (C:\Study\KhoaLuan\dev\GreenFeast\statistics-service\backend\node_modules\express\lib\router\index.js:175:3)
    at router (C:\Study\KhoaLuan\dev\GreenFeast\statistics-service\backend\node_modules\express\lib\router\index.js:47:12)]
[2024-07-06 20:51:47] 	GET /api/statistics/get-revenue?from=2024/06/12T00%3A00%3A00&to=2024/07/31T00%3A00%3A00 [status: 500 - message: Lỗi máy chủ: BadRequestError: Định dạng ngày tháng không hợp lệ
    at getRevenue (C:\Study\KhoaLuan\dev\GreenFeast\statistics-service\backend\services\statistics.service.js:52:29)
    at Layer.handle [as handle_request] (C:\Study\KhoaLuan\dev\GreenFeast\statistics-service\backend\node_modules\express\lib\router\layer.js:95:5)
    at next (C:\Study\KhoaLuan\dev\GreenFeast\statistics-service\backend\node_modules\express\lib\router\route.js:149:13)
    at Route.dispatch (C:\Study\KhoaLuan\dev\GreenFeast\statistics-service\backend\node_modules\express\lib\router\route.js:119:3)
    at Layer.handle [as handle_request] (C:\Study\KhoaLuan\dev\GreenFeast\statistics-service\backend\node_modules\express\lib\router\layer.js:95:5)
    at C:\Study\KhoaLuan\dev\GreenFeast\statistics-service\backend\node_modules\express\lib\router\index.js:284:15
    at Function.process_params (C:\Study\KhoaLuan\dev\GreenFeast\statistics-service\backend\node_modules\express\lib\router\index.js:346:12)
    at next (C:\Study\KhoaLuan\dev\GreenFeast\statistics-service\backend\node_modules\express\lib\router\index.js:280:10)
    at Function.handle (C:\Study\KhoaLuan\dev\GreenFeast\statistics-service\backend\node_modules\express\lib\router\index.js:175:3)
    at router (C:\Study\KhoaLuan\dev\GreenFeast\statistics-service\backend\node_modules\express\lib\router\index.js:47:12)]
[2024-07-06 20:52:15] 	GET /api/statistics/get-revenue?from=2024/05/31T00%3A00%3A00&to=2024/05/31T00%3A00%3A00 [status: 500 - message: Lỗi máy chủ: BadRequestError: Định dạng ngày tháng không hợp lệ
    at getRevenue (C:\Study\KhoaLuan\dev\GreenFeast\statistics-service\backend\services\statistics.service.js:52:29)
    at Layer.handle [as handle_request] (C:\Study\KhoaLuan\dev\GreenFeast\statistics-service\backend\node_modules\express\lib\router\layer.js:95:5)
    at next (C:\Study\KhoaLuan\dev\GreenFeast\statistics-service\backend\node_modules\express\lib\router\route.js:149:13)
    at Route.dispatch (C:\Study\KhoaLuan\dev\GreenFeast\statistics-service\backend\node_modules\express\lib\router\route.js:119:3)
    at Layer.handle [as handle_request] (C:\Study\KhoaLuan\dev\GreenFeast\statistics-service\backend\node_modules\express\lib\router\layer.js:95:5)
    at C:\Study\KhoaLuan\dev\GreenFeast\statistics-service\backend\node_modules\express\lib\router\index.js:284:15
    at Function.process_params (C:\Study\KhoaLuan\dev\GreenFeast\statistics-service\backend\node_modules\express\lib\router\index.js:346:12)
    at next (C:\Study\KhoaLuan\dev\GreenFeast\statistics-service\backend\node_modules\express\lib\router\index.js:280:10)
    at Function.handle (C:\Study\KhoaLuan\dev\GreenFeast\statistics-service\backend\node_modules\express\lib\router\index.js:175:3)
    at router (C:\Study\KhoaLuan\dev\GreenFeast\statistics-service\backend\node_modules\express\lib\router\index.js:47:12)]
[2024-07-06 21:27:21] 	GET /api/statistics/get-revenue?from=Sat,%2006%20Jul%202024%2014:26:01%20GMTT00%3A00%3A00&to=Thu,%2006%20Jun%202024%2014:26:01%20GMTT00%3A00%3A00 [status: 500 - message: Lỗi máy chủ: BadRequestError: Định dạng ngày tháng không hợp lệ
    at getRevenue (C:\Study\KhoaLuan\dev\GreenFeast\statistics-service\backend\services\statistics.service.js:52:29)
    at Layer.handle [as handle_request] (C:\Study\KhoaLuan\dev\GreenFeast\statistics-service\backend\node_modules\express\lib\router\layer.js:95:5)
    at next (C:\Study\KhoaLuan\dev\GreenFeast\statistics-service\backend\node_modules\express\lib\router\route.js:149:13)
    at Route.dispatch (C:\Study\KhoaLuan\dev\GreenFeast\statistics-service\backend\node_modules\express\lib\router\route.js:119:3)
    at Layer.handle [as handle_request] (C:\Study\KhoaLuan\dev\GreenFeast\statistics-service\backend\node_modules\express\lib\router\layer.js:95:5)
    at C:\Study\KhoaLuan\dev\GreenFeast\statistics-service\backend\node_modules\express\lib\router\index.js:284:15
    at Function.process_params (C:\Study\KhoaLuan\dev\GreenFeast\statistics-service\backend\node_modules\express\lib\router\index.js:346:12)
    at next (C:\Study\KhoaLuan\dev\GreenFeast\statistics-service\backend\node_modules\express\lib\router\index.js:280:10)
    at Function.handle (C:\Study\KhoaLuan\dev\GreenFeast\statistics-service\backend\node_modules\express\lib\router\index.js:175:3)
    at router (C:\Study\KhoaLuan\dev\GreenFeast\statistics-service\backend\node_modules\express\lib\router\index.js:47:12)]
[2024-07-06 21:29:31] 	GET /api/statistics/num-customer?from=Sat,%2006%20Jul%202024%2014:26:01%20GMTT00%3A00%3A00&to=Thu,%2006%20Jun%202024%2014:26:01%20GMTT00%3A00%3A00 [status: 500 - message: Lỗi máy chủ: BadRequestError: Định dạng ngày tháng không hợp lệ
    at getNumberOfCustomer (C:\Study\KhoaLuan\dev\GreenFeast\statistics-service\backend\services\statistics.service.js:14:29)
    at Layer.handle [as handle_request] (C:\Study\KhoaLuan\dev\GreenFeast\statistics-service\backend\node_modules\express\lib\router\layer.js:95:5)
    at next (C:\Study\KhoaLuan\dev\GreenFeast\statistics-service\backend\node_modules\express\lib\router\route.js:149:13)
    at Route.dispatch (C:\Study\KhoaLuan\dev\GreenFeast\statistics-service\backend\node_modules\express\lib\router\route.js:119:3)
    at Layer.handle [as handle_request] (C:\Study\KhoaLuan\dev\GreenFeast\statistics-service\backend\node_modules\express\lib\router\layer.js:95:5)
    at C:\Study\KhoaLuan\dev\GreenFeast\statistics-service\backend\node_modules\express\lib\router\index.js:284:15
    at Function.process_params (C:\Study\KhoaLuan\dev\GreenFeast\statistics-service\backend\node_modules\express\lib\router\index.js:346:12)
    at next (C:\Study\KhoaLuan\dev\GreenFeast\statistics-service\backend\node_modules\express\lib\router\index.js:280:10)
    at Function.handle (C:\Study\KhoaLuan\dev\GreenFeast\statistics-service\backend\node_modules\express\lib\router\index.js:175:3)
    at router (C:\Study\KhoaLuan\dev\GreenFeast\statistics-service\backend\node_modules\express\lib\router\index.js:47:12)]
[2024-07-06 21:31:37] 	GET /api/statistics/num-customer?from=Sat,%2006%20Jul%202024%2014:26:01%20GMTT00%3A00%3A00&to=Thu,%2006%20Jun%202024%2014:26:01%20GMTT00%3A00%3A00 [status: 500 - message: Lỗi máy chủ: BadRequestError: Định dạng ngày tháng không hợp lệ
    at getNumberOfCustomer (C:\Study\KhoaLuan\dev\GreenFeast\statistics-service\backend\services\statistics.service.js:14:29)
    at Layer.handle [as handle_request] (C:\Study\KhoaLuan\dev\GreenFeast\statistics-service\backend\node_modules\express\lib\router\layer.js:95:5)
    at next (C:\Study\KhoaLuan\dev\GreenFeast\statistics-service\backend\node_modules\express\lib\router\route.js:149:13)
    at Route.dispatch (C:\Study\KhoaLuan\dev\GreenFeast\statistics-service\backend\node_modules\express\lib\router\route.js:119:3)
    at Layer.handle [as handle_request] (C:\Study\KhoaLuan\dev\GreenFeast\statistics-service\backend\node_modules\express\lib\router\layer.js:95:5)
    at C:\Study\KhoaLuan\dev\GreenFeast\statistics-service\backend\node_modules\express\lib\router\index.js:284:15
    at Function.process_params (C:\Study\KhoaLuan\dev\GreenFeast\statistics-service\backend\node_modules\express\lib\router\index.js:346:12)
    at next (C:\Study\KhoaLuan\dev\GreenFeast\statistics-service\backend\node_modules\express\lib\router\index.js:280:10)
    at Function.handle (C:\Study\KhoaLuan\dev\GreenFeast\statistics-service\backend\node_modules\express\lib\router\index.js:175:3)
    at router (C:\Study\KhoaLuan\dev\GreenFeast\statistics-service\backend\node_modules\express\lib\router\index.js:47:12)]
[2024-07-06 21:32:15] 	GET /api/statistics/num-customer?from=Fri,%2005%20Jul%202024%2017:00:00%20GMTT00%3A00%3A00&to=Wed,%2005%20Jun%202024%2017:00:00%20GMTT00%3A00%3A00 [status: 500 - message: Lỗi máy chủ: BadRequestError: Định dạng ngày tháng không hợp lệ
    at getNumberOfCustomer (C:\Study\KhoaLuan\dev\GreenFeast\statistics-service\backend\services\statistics.service.js:14:29)
    at Layer.handle [as handle_request] (C:\Study\KhoaLuan\dev\GreenFeast\statistics-service\backend\node_modules\express\lib\router\layer.js:95:5)
    at next (C:\Study\KhoaLuan\dev\GreenFeast\statistics-service\backend\node_modules\express\lib\router\route.js:149:13)
    at Route.dispatch (C:\Study\KhoaLuan\dev\GreenFeast\statistics-service\backend\node_modules\express\lib\router\route.js:119:3)
    at Layer.handle [as handle_request] (C:\Study\KhoaLuan\dev\GreenFeast\statistics-service\backend\node_modules\express\lib\router\layer.js:95:5)
    at C:\Study\KhoaLuan\dev\GreenFeast\statistics-service\backend\node_modules\express\lib\router\index.js:284:15
    at Function.process_params (C:\Study\KhoaLuan\dev\GreenFeast\statistics-service\backend\node_modules\express\lib\router\index.js:346:12)
    at next (C:\Study\KhoaLuan\dev\GreenFeast\statistics-service\backend\node_modules\express\lib\router\index.js:280:10)
    at Function.handle (C:\Study\KhoaLuan\dev\GreenFeast\statistics-service\backend\node_modules\express\lib\router\index.js:175:3)
    at router (C:\Study\KhoaLuan\dev\GreenFeast\statistics-service\backend\node_modules\express\lib\router\index.js:47:12)]
[2024-07-06 21:33:54] 	GET /api/statistics/get-revenue?from=Fri,%2005%20Jul%202024%2017:00:00%20GMTT00%3A00%3A00&to=Wed,%2005%20Jun%202024%2017:00:00%20GMTT00%3A00%3A00 [status: 500 - message: Lỗi máy chủ: BadRequestError: Định dạng ngày tháng không hợp lệ
    at getRevenue (C:\Study\KhoaLuan\dev\GreenFeast\statistics-service\backend\services\statistics.service.js:52:29)
    at Layer.handle [as handle_request] (C:\Study\KhoaLuan\dev\GreenFeast\statistics-service\backend\node_modules\express\lib\router\layer.js:95:5)
    at next (C:\Study\KhoaLuan\dev\GreenFeast\statistics-service\backend\node_modules\express\lib\router\route.js:149:13)
    at Route.dispatch (C:\Study\KhoaLuan\dev\GreenFeast\statistics-service\backend\node_modules\express\lib\router\route.js:119:3)
    at Layer.handle [as handle_request] (C:\Study\KhoaLuan\dev\GreenFeast\statistics-service\backend\node_modules\express\lib\router\layer.js:95:5)
    at C:\Study\KhoaLuan\dev\GreenFeast\statistics-service\backend\node_modules\express\lib\router\index.js:284:15
    at Function.process_params (C:\Study\KhoaLuan\dev\GreenFeast\statistics-service\backend\node_modules\express\lib\router\index.js:346:12)
    at next (C:\Study\KhoaLuan\dev\GreenFeast\statistics-service\backend\node_modules\express\lib\router\index.js:280:10)
    at Function.handle (C:\Study\KhoaLuan\dev\GreenFeast\statistics-service\backend\node_modules\express\lib\router\index.js:175:3)
    at router (C:\Study\KhoaLuan\dev\GreenFeast\statistics-service\backend\node_modules\express\lib\router\index.js:47:12)]
[2024-07-06 22:45:13] 	GET /api/statistics/num-customer?from=2024-07-06T00%3A00%3A00&to=2024-06-06T00%3A00%3A00 [status: 500 - message: ]
[2024-07-06 22:45:15] 	GET /api/statistics/get-revenue?from=2024-07-06T00%3A00%3A00&to=2024-06-06T00%3A00%3A00 [status: 500 - message: ]
[2024-07-06 22:45:21] 	GET /api/statistics/get-revenue?from=2024-07-06T00%3A00%3A00&to=2024-06-06T00%3A00%3A00 [status: 500 - message: ]
[2024-07-06 22:45:58] 	GET /api/statistics/get-revenue?from=2024-05-31T00%3A00%3A00&to=2024-06-22T00%3A00%3A00 [status: 500 - message: ]
[2024-07-06 22:46:01] 	GET /api/statistics/get-revenue?from=2024-07-06T00%3A00%3A00&to=2024-06-06T00%3A00%3A00 [status: 500 - message: ]
[2024-07-06 22:47:14] 	GET /api/admin/menu/search?keyword= [status: 500 - message: Thiếu từ khóa tìm kiếm]
[2024-07-06 22:47:18] 	GET /api/order/menu/search?keyword= [status: 500 - message: ]
[2024-07-06 22:47:18] 	GET /api/order/category/get-all [status: 500 - message: ]
[2024-07-06 22:47:18] 	GET /api/order/menu/get-list [status: 500 - message: ]
[2024-07-06 22:48:26] 	GET /api/order/menu/search?keyword= [status: 500 - message: ]
[2024-07-06 22:48:26] 	GET /api/order/category/get-all [status: 500 - message: ]
[2024-07-06 22:48:26] 	GET /api/order/menu/get-list [status: 500 - message: ]
[2024-07-06 22:48:29] 	GET /api/order/menu/search?keyword= [status: 500 - message: ]
[2024-07-06 22:48:29] 	GET /api/order/category/get-all [status: 500 - message: ]
[2024-07-06 22:48:31] 	GET /api/admin/menu/search?keyword= [status: 500 - message: Thiếu từ khóa tìm kiếm]
[2024-07-06 22:48:32] 	GET /api/order/menu/get-list [status: 500 - message: ]
[2024-07-06 22:48:35] 	GET /api/order/menu/search?keyword= [status: 500 - message: ]
[2024-07-06 22:48:35] 	GET /api/order/category/get-all [status: 500 - message: ]
[2024-07-06 22:48:35] 	GET /api/order/menu/get-list [status: 500 - message: ]
[2024-07-06 22:53:35] 	GET /api/order/menu/search?keyword= [status: 500 - message: ]
[2024-07-06 22:53:35] 	GET /api/order/category/get-all [status: 500 - message: ]
[2024-07-06 22:53:36] 	GET /api/order/menu/get-list [status: 500 - message: ]
[2024-07-06 22:53:36] 	GET /api/admin/menu/search?keyword= [status: 500 - message: Thiếu từ khóa tìm kiếm]
[2024-07-06 22:53:43] 	GET /api/order/menu/search?keyword= [status: 500 - message: ]
[2024-07-06 22:53:43] 	GET /api/order/category/get-all [status: 500 - message: ]
[2024-07-06 22:53:43] 	GET /api/order/menu/get-list [status: 500 - message: ]
[2024-07-06 22:56:24] 	GET /api/admin/menu/search?keyword= [status: 500 - message: Thiếu từ khóa tìm kiếm]
[2024-07-06 22:56:29] 	GET /api/admin/menu/search?keyword= [status: 500 - message: Thiếu từ khóa tìm kiếm]
[2024-07-06 23:24:44] 	POST /api/auth/signin [status: 400 - message: Số điện thoại hoặc mật khẩu không đúng]
[2024-07-06 23:24:48] 	GET /api/admin/menu/search?keyword= [status: 500 - message: Thiếu từ khóa tìm kiếm]
[2024-07-06 23:24:50] 	GET /api/order/menu/search?keyword= [status: 500 - message: ]
[2024-07-06 23:24:50] 	GET /api/order/category/get-all [status: 500 - message: ]
[2024-07-06 23:24:50] 	GET /api/order/menu/get-list [status: 500 - message: ]
[2024-07-06 23:24:54] 	GET /api/admin/menu/search?keyword= [status: 500 - message: Thiếu từ khóa tìm kiếm]
[2024-07-06 23:24:55] 	GET /api/order/menu/search?keyword= [status: 500 - message: ]
[2024-07-06 23:24:55] 	GET /api/order/category/get-all [status: 500 - message: ]
[2024-07-06 23:24:55] 	GET /api/order/menu/get-list [status: 500 - message: ]
