[2024-08-10 00:07:42] 	GET /api/order/history-detail/66b6476d7ae15a4041ea0c44 [status: 500 - message: Mã đơn hàng không hợp lệ] - userid: 0123456789
[2024-08-10 00:08:16] 	GET /api/order/history-detail/66b6476d7ae15a4041ea0c44 [status: 500 - message: Mã đơn hàng không hợp lệ] - userid: 0123456789
[2024-08-10 00:08:48] 	POST /api/admin/order/online/update-status [status: 500 - message: Trạng thái không hợp lệ] - body: {"orderId":"66b5c63d54275909ed9f3fe4","status":5} - userid: 0123456789
[2024-08-10 00:09:05] 	POST /api/admin/order/online/update-status [status: 500 - message: Trạng thái không hợp lệ] - body: {"orderId":"66b4e3cda48b1aa0a6acf3a8","status":5} - userid: 0123456789
[2024-08-10 00:17:50] 	GET /api/order/history-detail/66afd961c8b9fa0b081e59d4 [status: 500 - message: Mã đơn hàng không hợp lệ] - userid: 0123456789
[2024-08-10 00:18:09] 	GET /api/order/history-detail/66b6476d7ae15a4041ea0c44 [status: 500 - message: Mã đơn hàng không hợp lệ] - userid: 0123456789
[2024-08-10 00:18:44] 	GET /api/order/history-detail/66b6476d7ae15a4041ea0c44 [status: 500 - message: Mã đơn hàng không hợp lệ] - userid: 0123456789
[2024-08-10 00:22:35] 	GET /api/order/history-detail/undefined [status: 500 - message: Cast to ObjectId failed for value "undefined" (type string) at path "_id" for model "Order"] - userid: 0372976121
[2024-08-10 00:23:14] 	GET /api/order/history-detail/66b6476d7ae15a4041ea0c44 [status: 500 - message: Mã đơn hàng không hợp lệ] - userid: 0372976121
[2024-08-10 00:23:29] 	GET /api/order/history-detail/66afd961c8b9fa0b081e59d4 [status: 500 - message: Mã đơn hàng không hợp lệ] - userid: 0372976121
[2024-08-10 00:44:58] 	GET /api/order/menu/search?keyword= [status: 500 - message: Thiếu từ khóa tìm kiếm] - userid: 0372976121
[2024-08-10 00:46:17] 	GET /api/order/menu/search?keyword= [status: 500 - message: Thiếu từ khóa tìm kiếm] - userid: 0372976121
[2024-08-10 00:47:11] 	GET /api/order/menu/search?keyword= [status: 500 - message: Thiếu từ khóa tìm kiếm] - userid: 0372976121
[2024-08-10 00:49:05] 	GET /api/order/menu/search?keyword= [status: 500 - message: Thiếu từ khóa tìm kiếm] - userid: 0372976121
[2024-08-10 00:50:00] 	GET /api/order/menu/search?keyword= [status: 500 - message: Thiếu từ khóa tìm kiếm] - userid: 0372976121
[2024-08-10 00:51:38] 	GET /api/order/menu/search?keyword= [status: 500 - message: Thiếu từ khóa tìm kiếm] - userid: 0372976121
[2024-08-10 00:53:24] 	GET /api/order/menu/search?keyword= [status: 500 - message: Thiếu từ khóa tìm kiếm] - userid: 0372976121
[2024-08-10 00:54:32] 	GET /api/order/menu/search?keyword= [status: 500 - message: Thiếu từ khóa tìm kiếm] - userid: 0372976121
[2024-08-10 00:54:49] 	GET /api/order/menu/search?keyword= [status: 500 - message: Thiếu từ khóa tìm kiếm] - userid: 0372976121
[2024-08-10 00:56:58] 	GET /api/order/menu/search?keyword= [status: 500 - message: Thiếu từ khóa tìm kiếm] - userid: 0372976121
[2024-08-10 00:57:58] 	GET /api/order/menu/search?keyword= [status: 500 - message: Thiếu từ khóa tìm kiếm] - userid: 0372976121
[2024-08-10 00:58:08] 	GET /api/order/menu/search?keyword= [status: 500 - message: Thiếu từ khóa tìm kiếm] - userid: 0372976121
[2024-08-10 00:59:01] 	GET /api/order/menu/search?keyword= [status: 500 - message: Thiếu từ khóa tìm kiếm] - userid: 0372976121
[2024-08-10 01:00:02] 	GET /api/order/menu/search?keyword= [status: 500 - message: Thiếu từ khóa tìm kiếm] - userid: 0372976121
[2024-08-10 01:01:08] 	GET /api/order/menu/search?keyword= [status: 500 - message: Thiếu từ khóa tìm kiếm] - userid: 0372976121
[2024-08-10 01:01:49] 	GET /api/order/menu/search?keyword= [status: 500 - message: Thiếu từ khóa tìm kiếm] - userid: 0372976121
[2024-08-10 01:02:16] 	GET /api/order/menu/search?keyword= [status: 500 - message: Thiếu từ khóa tìm kiếm] - userid: 0123456789
[2024-08-10 01:05:01] 	GET /api/order/menu/search?keyword= [status: 500 - message: Thiếu từ khóa tìm kiếm] - userid: 0123456789
[2024-08-10 01:05:01] 	GET /api/order/menu/search?keyword= [status: 500 - message: Thiếu từ khóa tìm kiếm] - userid: 0372976121
[2024-08-10 01:05:05] 	GET /api/order/menu/search?keyword= [status: 500 - message: Thiếu từ khóa tìm kiếm] - userid: 0123456789
[2024-08-10 01:06:37] 	GET /api/order/menu/search?keyword= [status: 500 - message: Thiếu từ khóa tìm kiếm] - userid: 0372976121
[2024-08-10 01:06:37] 	GET /api/order/menu/search?keyword= [status: 500 - message: Thiếu từ khóa tìm kiếm] - userid: 0123456789
[2024-08-10 01:07:11] 	GET /api/order/menu/search?keyword= [status: 500 - message: Thiếu từ khóa tìm kiếm] - userid: 0372976121
[2024-08-10 01:07:11] 	GET /api/order/menu/search?keyword= [status: 500 - message: Thiếu từ khóa tìm kiếm] - userid: 0123456789
[2024-08-10 01:08:00] 	GET /api/order/menu/search?keyword= [status: 500 - message: Thiếu từ khóa tìm kiếm] - userid: 0123456789
[2024-08-10 01:08:01] 	GET /api/order/menu/search?keyword= [status: 500 - message: Thiếu từ khóa tìm kiếm] - userid: 0372976121
[2024-08-10 01:08:45] 	GET /api/order/menu/search?keyword= [status: 500 - message: Thiếu từ khóa tìm kiếm] - userid: 0123456789
[2024-08-10 01:08:45] 	GET /api/order/menu/search?keyword= [status: 500 - message: Thiếu từ khóa tìm kiếm] - userid: 0372976121
[2024-08-10 01:09:27] 	GET /api/order/menu/search?keyword= [status: 500 - message: Thiếu từ khóa tìm kiếm] - userid: 0123456789
[2024-08-10 01:09:27] 	GET /api/order/menu/search?keyword= [status: 500 - message: Thiếu từ khóa tìm kiếm] - userid: 0372976121
[2024-08-10 01:09:29] 	GET /api/order/menu/search?keyword= [status: 500 - message: Thiếu từ khóa tìm kiếm] - userid: 0123456789
[2024-08-10 01:09:38] 	GET /api/order/menu/search?keyword= [status: 500 - message: Thiếu từ khóa tìm kiếm] - userid: 0123456789
[2024-08-10 01:09:38] 	GET /api/order/menu/search?keyword= [status: 500 - message: Thiếu từ khóa tìm kiếm] - userid: 0372976121
[2024-08-10 01:09:56] 	GET /api/order/menu/search?keyword= [status: 500 - message: Thiếu từ khóa tìm kiếm] - userid: 0123456789
[2024-08-10 01:09:56] 	GET /api/order/menu/search?keyword= [status: 500 - message: Thiếu từ khóa tìm kiếm] - userid: 0372976121
[2024-08-10 01:10:31] 	GET /api/order/menu/search?keyword= [status: 500 - message: Thiếu từ khóa tìm kiếm] - userid: 0123456789
[2024-08-10 01:10:31] 	GET /api/order/menu/search?keyword= [status: 500 - message: Thiếu từ khóa tìm kiếm] - userid: 0372976121
[2024-08-10 01:11:32] 	GET /api/order/menu/search?keyword= [status: 500 - message: Thiếu từ khóa tìm kiếm] - userid: 0123456789
[2024-08-10 01:11:33] 	GET /api/order/menu/search?keyword= [status: 500 - message: Thiếu từ khóa tìm kiếm] - userid: 0372976121
[2024-08-10 01:12:09] 	GET /api/order/menu/search?keyword= [status: 500 - message: Thiếu từ khóa tìm kiếm] - userid: 0123456789
[2024-08-10 01:12:09] 	GET /api/order/menu/search?keyword= [status: 500 - message: Thiếu từ khóa tìm kiếm] - userid: 0372976121
[2024-08-10 01:12:39] 	GET /api/order/menu/search?keyword= [status: 500 - message: Thiếu từ khóa tìm kiếm] - userid: 0372976121
[2024-08-10 01:12:39] 	GET /api/order/menu/search?keyword= [status: 500 - message: Thiếu từ khóa tìm kiếm] - userid: 0123456789
[2024-08-10 01:13:02] 	GET /api/order/menu/search?keyword= [status: 500 - message: Thiếu từ khóa tìm kiếm] - userid: 0123456789
[2024-08-10 01:13:02] 	GET /api/order/menu/search?keyword= [status: 500 - message: Thiếu từ khóa tìm kiếm] - userid: 0372976121
[2024-08-10 01:13:32] 	GET /api/order/menu/search?keyword= [status: 500 - message: Thiếu từ khóa tìm kiếm] - userid: 0123456789
[2024-08-10 01:13:33] 	GET /api/order/menu/search?keyword= [status: 500 - message: Thiếu từ khóa tìm kiếm] - userid: 0372976121
[2024-08-10 01:13:48] 	GET /api/order/menu/search?keyword= [status: 500 - message: Thiếu từ khóa tìm kiếm] - userid: 0123456789
[2024-08-10 01:13:49] 	GET /api/order/menu/search?keyword= [status: 500 - message: Thiếu từ khóa tìm kiếm] - userid: 0372976121
[2024-08-10 01:16:43] 	GET /api/order/menu/search?keyword= [status: 500 - message: Thiếu từ khóa tìm kiếm] - userid: 0123456789
[2024-08-10 01:18:51] 	GET /api/order/menu/search?keyword= [status: 500 - message: Thiếu từ khóa tìm kiếm] - userid: 0123456789
[2024-08-10 01:18:52] 	GET /api/order/menu/search?keyword= [status: 500 - message: Thiếu từ khóa tìm kiếm] - userid: 0372976121
[2024-08-10 01:19:02] 	GET /api/order/menu/search?keyword= [status: 500 - message: Thiếu từ khóa tìm kiếm] - userid: 0123456789
[2024-08-10 01:19:03] 	GET /api/order/menu/search?keyword= [status: 500 - message: Thiếu từ khóa tìm kiếm] - userid: 0372976121
[2024-08-10 01:19:09] 	GET /api/order/menu/search?keyword= [status: 500 - message: Thiếu từ khóa tìm kiếm] - userid: 0123456789
[2024-08-10 01:19:10] 	GET /api/order/menu/search?keyword= [status: 500 - message: Thiếu từ khóa tìm kiếm] - userid: 0372976121
[2024-08-10 01:19:27] 	GET /api/order/menu/search?keyword= [status: 500 - message: Thiếu từ khóa tìm kiếm] - userid: 0123456789
[2024-08-10 01:19:28] 	GET /api/order/menu/search?keyword= [status: 500 - message: Thiếu từ khóa tìm kiếm] - userid: 0372976121
[2024-08-10 01:20:04] 	GET /api/order/menu/search?keyword= [status: 500 - message: Thiếu từ khóa tìm kiếm] - userid: 0123456789
[2024-08-10 01:20:05] 	GET /api/order/menu/search?keyword= [status: 500 - message: Thiếu từ khóa tìm kiếm] - userid: 0372976121
[2024-08-10 01:20:20] 	GET /api/order/menu/search?keyword= [status: 500 - message: Thiếu từ khóa tìm kiếm] - userid: 0123456789
[2024-08-10 01:20:21] 	GET /api/order/menu/search?keyword= [status: 500 - message: Thiếu từ khóa tìm kiếm] - userid: 0372976121
[2024-08-10 01:22:03] 	GET /api/order/menu/search?keyword= [status: 500 - message: Thiếu từ khóa tìm kiếm] - userid: 0372976121
[2024-08-10 01:22:04] 	GET /api/order/menu/search?keyword= [status: 500 - message: Thiếu từ khóa tìm kiếm] - userid: 0123456789
[2024-08-10 01:22:09] 	GET /api/order/menu/search?keyword= [status: 500 - message: Thiếu từ khóa tìm kiếm] - userid: 0123456789
[2024-08-10 01:22:53] 	GET /api/order/menu/search?keyword= [status: 500 - message: Thiếu từ khóa tìm kiếm] - userid: 0123456789
[2024-08-10 01:22:53] 	GET /api/order/menu/search?keyword= [status: 500 - message: Thiếu từ khóa tìm kiếm] - userid: 0372976121
[2024-08-10 01:22:56] 	GET /api/order/menu/search?keyword= [status: 500 - message: Thiếu từ khóa tìm kiếm] - userid: 0123456789
[2024-08-10 01:23:06] 	GET /api/order/menu/search?keyword= [status: 500 - message: Thiếu từ khóa tìm kiếm] - userid: 0123456789
[2024-08-10 01:23:07] 	GET /api/order/menu/search?keyword= [status: 500 - message: Thiếu từ khóa tìm kiếm] - userid: 0372976121
[2024-08-10 01:24:22] 	GET /api/order/menu/search?keyword= [status: 500 - message: Thiếu từ khóa tìm kiếm] - userid: 0123456789
[2024-08-10 01:24:23] 	GET /api/order/menu/search?keyword= [status: 500 - message: Thiếu từ khóa tìm kiếm] - userid: 0372976121
[2024-08-10 01:24:50] 	GET /api/order/menu/search?keyword= [status: 500 - message: Thiếu từ khóa tìm kiếm] - userid: 0123456789
[2024-08-10 01:24:51] 	GET /api/order/menu/search?keyword= [status: 500 - message: Thiếu từ khóa tìm kiếm] - userid: 0372976121
[2024-08-10 01:25:27] 	GET /api/order/menu/search?keyword= [status: 500 - message: Thiếu từ khóa tìm kiếm] - userid: 0123456789
[2024-08-10 01:25:27] 	GET /api/order/menu/search?keyword= [status: 500 - message: Thiếu từ khóa tìm kiếm] - userid: 0372976121
[2024-08-10 01:25:41] 	GET /api/order/menu/search?keyword= [status: 500 - message: Thiếu từ khóa tìm kiếm] - userid: 0123456789
[2024-08-10 01:25:42] 	GET /api/order/menu/search?keyword= [status: 500 - message: Thiếu từ khóa tìm kiếm] - userid: 0372976121
[2024-08-10 01:25:53] 	GET /api/order/menu/search?keyword= [status: 500 - message: Thiếu từ khóa tìm kiếm] - userid: 0123456789
[2024-08-10 01:25:53] 	GET /api/order/menu/search?keyword= [status: 500 - message: Thiếu từ khóa tìm kiếm] - userid: 0372976121
[2024-08-10 01:26:06] 	GET /api/order/menu/search?keyword= [status: 500 - message: Thiếu từ khóa tìm kiếm] - userid: 0123456789
[2024-08-10 01:26:06] 	GET /api/order/menu/search?keyword= [status: 500 - message: Thiếu từ khóa tìm kiếm] - userid: 0372976121
[2024-08-10 01:27:02] 	GET /api/order/menu/search?keyword= [status: 500 - message: Thiếu từ khóa tìm kiếm] - userid: 0372976121
[2024-08-10 01:27:02] 	GET /api/order/menu/search?keyword= [status: 500 - message: Thiếu từ khóa tìm kiếm] - userid: 0123456789
[2024-08-10 01:27:19] 	GET /api/order/menu/search?keyword= [status: 500 - message: Thiếu từ khóa tìm kiếm] - userid: 0123456789
[2024-08-10 01:27:20] 	GET /api/order/menu/search?keyword= [status: 500 - message: Thiếu từ khóa tìm kiếm] - userid: 0372976121
[2024-08-10 01:27:57] 	GET /api/order/menu/search?keyword= [status: 500 - message: Thiếu từ khóa tìm kiếm] - userid: 0123456789
[2024-08-10 01:27:58] 	GET /api/order/menu/search?keyword= [status: 500 - message: Thiếu từ khóa tìm kiếm] - userid: 0372976121
[2024-08-10 01:28:15] 	GET /api/order/menu/search?keyword= [status: 500 - message: Thiếu từ khóa tìm kiếm] - userid: 0123456789
[2024-08-10 01:28:15] 	GET /api/order/menu/search?keyword= [status: 500 - message: Thiếu từ khóa tìm kiếm] - userid: 0372976121
[2024-08-10 01:28:38] 	GET /api/order/menu/search?keyword= [status: 500 - message: Thiếu từ khóa tìm kiếm] - userid: 0123456789
[2024-08-10 01:28:39] 	GET /api/order/menu/search?keyword= [status: 500 - message: Thiếu từ khóa tìm kiếm] - userid: 0372976121
[2024-08-10 01:29:45] 	GET /api/order/menu/search?keyword= [status: 500 - message: Thiếu từ khóa tìm kiếm] - userid: 0123456789
[2024-08-10 01:29:46] 	GET /api/order/menu/search?keyword= [status: 500 - message: Thiếu từ khóa tìm kiếm] - userid: 0372976121
[2024-08-10 01:30:03] 	GET /api/order/menu/search?keyword= [status: 500 - message: Thiếu từ khóa tìm kiếm] - userid: 0123456789
[2024-08-10 01:30:03] 	GET /api/order/menu/search?keyword= [status: 500 - message: Thiếu từ khóa tìm kiếm] - userid: 0372976121
[2024-08-10 01:31:22] 	GET /api/order/menu/search?keyword= [status: 500 - message: Thiếu từ khóa tìm kiếm] - userid: 0123456789
[2024-08-10 01:31:22] 	GET /api/order/menu/search?keyword= [status: 500 - message: Thiếu từ khóa tìm kiếm] - userid: 0372976121
[2024-08-10 01:31:57] 	GET /api/order/menu/search?keyword= [status: 500 - message: Thiếu từ khóa tìm kiếm] - userid: 0123456789
[2024-08-10 01:31:57] 	GET /api/order/menu/search?keyword= [status: 500 - message: Thiếu từ khóa tìm kiếm] - userid: 0372976121
[2024-08-10 13:56:15] 	POST /api/order/menu-employee [status: 401 - message: Không thể xác thực, vui lòng kiểm tra trạng thái đăng nhập] - body: [{"_id":"4","quantity":3,"note":"Không hành"},{"_id":"19","quantity":2,"note":"Không hẹ"},{"_id":"32","quantity":1,"note":"Ít ngọt"}]
[2024-08-10 13:57:09] 	POST /api/order/menu-employee [status: 500 - message: Đường dẫn đặt món không hợp lệ] - body: [{"_id":"4","quantity":3,"note":"Không hành"},{"_id":"19","quantity":2,"note":"Không hẹ"},{"_id":"32","quantity":1,"note":"Ít ngọt"}] - userid: 0123456789
[2024-08-10 13:57:40] 	POST /api/order/menu-employee [status: 500 - message: Đường dẫn đặt món không hợp lệ] - body: [{"_id":"4","quantity":3,"note":"Không hành"},{"_id":"19","quantity":2,"note":"Không hẹ"},{"_id":"32","quantity":1,"note":"Ít ngọt"}] - userid: 0123456789
[2024-08-10 14:00:21] 	POST /api/order/menu-employee [status: 500 - message: Đường dẫn đặt món không hợp lệ] - body: [{"_id":"4","quantity":3,"note":"Không hành"},{"_id":"19","quantity":2,"note":"Không hẹ"},{"_id":"32","quantity":1,"note":"Ít ngọt"}] - userid: 0123456789
[2024-08-10 14:00:25] 	POST /api/order/menu-employee [status: 500 - message: Đường dẫn đặt món không hợp lệ] - body: [{"_id":"4","quantity":3,"note":"Không hành"},{"_id":"19","quantity":2,"note":"Không hẹ"},{"_id":"32","quantity":1,"note":"Ít ngọt"}] - userid: 0123456789
[2024-08-10 14:01:19] 	GET /api/admin/area/get-all [status: 500 - message: ]
[2024-08-10 14:01:25] 	GET /api/admin/category/get-all [status: 401 - message: Không thể xác thực, vui lòng kiểm tra trạng thái đăng nhập]
[2024-08-10 14:01:25] 	OPTIONS /api/order/menu/get-list?page=1&perPage=10 [status: 500 - message: Không tìm thấy đường dẫn]
[2024-08-10 14:01:25] 	GET /api/admin/area/get-all [status: 500 - message: ]
[2024-08-10 14:01:25] 	OPTIONS /api/notification/get-notifications [status: 401 - message: Thiếu mã JWT]
[2024-08-10 14:01:25] 	OPTIONS /api/notification/num-notification [status: 401 - message: Thiếu mã JWT]
[2024-08-10 14:01:25] 	GET /api/notification/get-notifications [status: 401 - message: Thiếu mã JWT]
[2024-08-10 14:01:25] 	GET /api/notification/num-notification [status: 401 - message: Thiếu mã JWT]
[2024-08-10 14:01:30] 	OPTIONS /api/order/view-rating/1?page=1 [status: 500 - message: Không tìm thấy đường dẫn]
[2024-08-10 14:01:39] 	OPTIONS /api/order/online/districts/79 [status: 500 - message: Không tìm thấy đường dẫn]
[2024-08-10 14:01:39] 	OPTIONS /api/order/menu/search?keyword= [status: 500 - message: Không tìm thấy đường dẫn]
[2024-08-10 14:01:39] 	OPTIONS /api/order/online/provinces [status: 500 - message: Không tìm thấy đường dẫn]
[2024-08-10 14:01:39] 	OPTIONS /api/order/promotion [status: 500 - message: Không tìm thấy đường dẫn]
[2024-08-10 14:01:39] 	OPTIONS /api/order/category/get-all [status: 500 - message: Không tìm thấy đường dẫn]
[2024-08-10 14:01:39] 	OPTIONS /api/order/menu/get-list [status: 500 - message: Không tìm thấy đường dẫn]
[2024-08-10 14:01:39] 	OPTIONS /api/notification/get-notifications [status: 401 - message: Thiếu mã JWT]
[2024-08-10 14:01:39] 	OPTIONS /api/notification/num-notification [status: 401 - message: Thiếu mã JWT]
[2024-08-10 14:01:39] 	GET /api/admin/area/get-all [status: 500 - message: ]
[2024-08-10 14:01:39] 	GET /api/order/menu/search?keyword= [status: 500 - message: Thiếu từ khóa tìm kiếm]
[2024-08-10 14:01:39] 	GET /api/notification/get-notifications [status: 401 - message: Thiếu mã JWT]
[2024-08-10 14:01:39] 	GET /api/notification/num-notification [status: 401 - message: Thiếu mã JWT]
[2024-08-10 14:01:39] 	GET /api/admin/area/get-all [status: 500 - message: ]
[2024-08-10 14:02:00] 	OPTIONS /api/order/menu/get-by-category/2 [status: 500 - message: Không tìm thấy đường dẫn]
[2024-08-10 14:02:01] 	OPTIONS /api/order/menu/get-by-category/3 [status: 500 - message: Không tìm thấy đường dẫn]
[2024-08-10 14:02:01] 	OPTIONS /api/order/menu/get-by-category/4 [status: 500 - message: Không tìm thấy đường dẫn]
[2024-08-10 14:02:02] 	OPTIONS /api/order/menu/get-by-category/6 [status: 500 - message: Không tìm thấy đường dẫn]
[2024-08-10 14:02:06] 	OPTIONS /api/order/menu/get-by-category/5 [status: 500 - message: Không tìm thấy đường dẫn]
[2024-08-10 14:02:08] 	OPTIONS /api/order/menu/get-by-category/7 [status: 500 - message: Không tìm thấy đường dẫn]
[2024-08-10 14:02:10] 	OPTIONS /api/order/menu/get-by-category/8 [status: 500 - message: Không tìm thấy đường dẫn]
[2024-08-10 14:02:14] 	OPTIONS /api/order/menu/get-by-category/9 [status: 500 - message: Không tìm thấy đường dẫn]
[2024-08-10 14:02:16] 	OPTIONS /api/order/menu/get-by-category/10 [status: 500 - message: Không tìm thấy đường dẫn]
[2024-08-10 14:02:17] 	OPTIONS /api/order/menu/get-by-category/11 [status: 500 - message: Không tìm thấy đường dẫn]
[2024-08-10 14:02:20] 	OPTIONS /api/order/menu/get-by-category/12 [status: 500 - message: Không tìm thấy đường dẫn]
[2024-08-10 14:02:21] 	OPTIONS /api/order/menu/get-by-category/5 [status: 500 - message: Không tìm thấy đường dẫn]
[2024-08-10 14:02:25] 	GET /api/admin/area/get-all [status: 500 - message: ]
[2024-08-10 14:02:25] 	OPTIONS /api/notification/get-notifications [status: 401 - message: Thiếu mã JWT]
[2024-08-10 14:02:25] 	OPTIONS /api/notification/num-notification [status: 401 - message: Thiếu mã JWT]
[2024-08-10 14:02:25] 	GET /api/notification/get-notifications [status: 401 - message: Thiếu mã JWT]
[2024-08-10 14:02:25] 	GET /api/notification/num-notification [status: 401 - message: Thiếu mã JWT]
[2024-08-10 14:02:26] 	OPTIONS /api/statistics/get-revenue?from=2024-02-10T00%3A00%3A00&to=2024-08-10T00%3A00%3A00 [status: 401 - message: Không thể xác thực, vui lòng kiểm tra trạng thái đăng nhập]
[2024-08-10 14:02:26] 	GET /api/admin/area/get-all [status: 500 - message: ]
[2024-08-10 14:02:26] 	GET /api/statistics/get-revenue?from=2024-02-10T00%3A00%3A00&to=2024-08-10T00%3A00%3A00 [status: 401 - message: Không thể xác thực, vui lòng kiểm tra trạng thái đăng nhập]
[2024-08-10 14:02:26] 	OPTIONS /api/notification/get-notifications [status: 401 - message: Thiếu mã JWT]
[2024-08-10 14:02:26] 	OPTIONS /api/notification/num-notification [status: 401 - message: Thiếu mã JWT]
[2024-08-10 14:02:26] 	GET /api/notification/get-notifications [status: 401 - message: Thiếu mã JWT]
[2024-08-10 14:02:26] 	GET /api/notification/num-notification [status: 401 - message: Thiếu mã JWT]
[2024-08-10 14:02:32] 	OPTIONS /api/statistics/num-customer?from=2024-02-10T00%3A00%3A00&to=2024-08-10T00%3A00%3A00 [status: 401 - message: Không thể xác thực, vui lòng kiểm tra trạng thái đăng nhập]
[2024-08-10 14:02:32] 	GET /api/statistics/num-customer?from=2024-02-10T00%3A00%3A00&to=2024-08-10T00%3A00%3A00 [status: 401 - message: Không thể xác thực, vui lòng kiểm tra trạng thái đăng nhập]
[2024-08-10 14:02:34] 	OPTIONS /api/statistics/menu?from=2024-02-10T00%3A00%3A00&to=2024-08-10T00%3A00%3A00 [status: 401 - message: Không thể xác thực, vui lòng kiểm tra trạng thái đăng nhập]
[2024-08-10 14:02:34] 	GET /api/statistics/menu?from=2024-02-10T00%3A00%3A00&to=2024-08-10T00%3A00%3A00 [status: 401 - message: Không thể xác thực, vui lòng kiểm tra trạng thái đăng nhập]
[2024-08-10 14:02:46] 	OPTIONS /api/statistics/payment-method?from=2024-02-10T00%3A00%3A00&to=2024-08-10T00%3A00%3A00 [status: 401 - message: Không thể xác thực, vui lòng kiểm tra trạng thái đăng nhập]
[2024-08-10 14:02:46] 	GET /api/statistics/payment-method?from=2024-02-10T00%3A00%3A00&to=2024-08-10T00%3A00%3A00 [status: 401 - message: Không thể xác thực, vui lòng kiểm tra trạng thái đăng nhập]
[2024-08-10 14:03:28] 	GET /api/admin/order/get-revenue?from=2024-08-10&to=2024-08-10 [status: 401 - message: Không thể xác thực, vui lòng kiểm tra trạng thái đăng nhập]
[2024-08-10 14:03:28] 	OPTIONS /api/order/promotion [status: 500 - message: Không tìm thấy đường dẫn]
[2024-08-10 14:03:28] 	GET /api/admin/area/get-all [status: 500 - message: ]
[2024-08-10 14:03:30] 	GET /api/admin/order/get-revenue?from=2024-08-10&to=2024-08-10 [status: 401 - message: Không thể xác thực, vui lòng kiểm tra trạng thái đăng nhập]
[2024-08-10 14:03:33] 	GET /api/admin/area/get-all [status: 500 - message: ]
[2024-08-10 14:03:37] 	GET /api/admin/area/get-all [status: 500 - message: ]
[2024-08-10 14:03:42] 	POST /api/auth/signin [status: 400 - message: Số điện thoại hoặc mật khẩu không đúng] - body: {"username":"0123456789","password":"123456"}
[2024-08-10 14:03:45] 	OPTIONS /api/notification/get-notifications [status: 401 - message: Thiếu mã JWT]
[2024-08-10 14:03:45] 	OPTIONS /api/notification/num-notification [status: 401 - message: Thiếu mã JWT]
[2024-08-10 14:03:45] 	OPTIONS /api/order/menu/get-list?page=1&perPage=10 [status: 500 - message: Không tìm thấy đường dẫn]
[2024-08-10 14:03:45] 	GET /api/admin/category/get-all [status: 401 - message: Không thể xác thực, vui lòng kiểm tra trạng thái đăng nhập]
[2024-08-10 14:03:45] 	GET /api/notification/get-notifications [status: 401 - message: Thiếu mã JWT]
[2024-08-10 14:03:45] 	GET /api/notification/num-notification [status: 401 - message: Thiếu mã JWT]
[2024-08-10 14:03:45] 	GET /api/admin/area/get-all [status: 500 - message: ]
[2024-08-10 14:03:47] 	OPTIONS /api/order/promotion [status: 500 - message: Không tìm thấy đường dẫn]
[2024-08-10 14:03:47] 	GET /api/admin/area/get-all [status: 500 - message: ]
[2024-08-10 14:05:37] 	OPTIONS /api/order/online/districts/79 [status: 500 - message: Không tìm thấy đường dẫn]
[2024-08-10 14:05:37] 	GET /api/admin/area/get-all [status: 500 - message: ]
[2024-08-10 14:05:37] 	OPTIONS /api/order/menu/search?keyword= [status: 500 - message: Không tìm thấy đường dẫn]
[2024-08-10 14:05:37] 	OPTIONS /api/order/online/provinces [status: 500 - message: Không tìm thấy đường dẫn]
[2024-08-10 14:05:37] 	OPTIONS /api/order/promotion [status: 500 - message: Không tìm thấy đường dẫn]
[2024-08-10 14:05:37] 	OPTIONS /api/order/category/get-all [status: 500 - message: Không tìm thấy đường dẫn]
[2024-08-10 14:05:37] 	OPTIONS /api/order/menu/get-list [status: 500 - message: Không tìm thấy đường dẫn]
[2024-08-10 14:05:37] 	OPTIONS /api/notification/get-notifications [status: 401 - message: Thiếu mã JWT]
[2024-08-10 14:05:37] 	OPTIONS /api/notification/num-notification [status: 401 - message: Thiếu mã JWT]
[2024-08-10 14:05:37] 	GET /api/admin/area/get-all [status: 500 - message: ]
[2024-08-10 14:05:37] 	GET /api/order/menu/search?keyword= [status: 500 - message: Thiếu từ khóa tìm kiếm]
[2024-08-10 14:05:37] 	GET /api/notification/get-notifications [status: 401 - message: Thiếu mã JWT]
[2024-08-10 14:05:38] 	GET /api/notification/num-notification [status: 401 - message: Thiếu mã JWT]
[2024-08-10 14:05:43] 	GET /api/admin/category/get-all [status: 401 - message: Không thể xác thực, vui lòng kiểm tra trạng thái đăng nhập]
[2024-08-10 14:05:43] 	OPTIONS /api/order/menu/get-list?page=1&perPage=10 [status: 500 - message: Không tìm thấy đường dẫn]
[2024-08-10 14:05:43] 	GET /api/admin/area/get-all [status: 500 - message: ]
[2024-08-10 14:05:43] 	OPTIONS /api/notification/get-notifications [status: 401 - message: Thiếu mã JWT]
[2024-08-10 14:05:43] 	OPTIONS /api/notification/num-notification [status: 401 - message: Thiếu mã JWT]
[2024-08-10 14:05:43] 	GET /api/notification/get-notifications [status: 401 - message: Thiếu mã JWT]
[2024-08-10 14:05:43] 	GET /api/notification/num-notification [status: 401 - message: Thiếu mã JWT]
[2024-08-10 14:05:45] 	OPTIONS /api/order/view-rating/1?page=1 [status: 500 - message: Không tìm thấy đường dẫn]
[2024-08-10 14:05:48] 	OPTIONS /api/order/view-rating/4?page=1 [status: 500 - message: Không tìm thấy đường dẫn]
[2024-08-10 14:05:52] 	OPTIONS /api/order/view-rating/4?page=2 [status: 500 - message: Không tìm thấy đường dẫn]
[2024-08-10 14:05:53] 	OPTIONS /api/order/view-rating/4?page=1 [status: 500 - message: Không tìm thấy đường dẫn]
[2024-08-10 14:07:39] 	GET /api/admin/get-employees [status: 401 - message: Không thể xác thực, vui lòng kiểm tra trạng thái đăng nhập]
[2024-08-10 14:07:39] 	GET /api/admin/get-resource-rbac [status: 401 - message: Không thể xác thực, vui lòng kiểm tra trạng thái đăng nhập]
[2024-08-10 14:07:41] 	GET /api/admin/promotion/get-all [status: 401 - message: Không thể xác thực, vui lòng kiểm tra trạng thái đăng nhập]
[2024-08-10 14:07:41] 	GET /api/admin/promotion/get-form-promotion [status: 401 - message: Không thể xác thực, vui lòng kiểm tra trạng thái đăng nhập]
[2024-08-10 14:07:41] 	GET /api/admin/area/get-all [status: 500 - message: ]
[2024-08-10 14:07:43] 	GET /api/admin/category/get-all [status: 401 - message: Không thể xác thực, vui lòng kiểm tra trạng thái đăng nhập]
[2024-08-10 14:07:43] 	GET /api/admin/category/get-all [status: 401 - message: Không thể xác thực, vui lòng kiểm tra trạng thái đăng nhập]
[2024-08-10 14:07:43] 	OPTIONS /api/order/menu/get-list?page=1&perPage=10 [status: 500 - message: Không tìm thấy đường dẫn]
[2024-08-10 14:07:45] 	GET /api/admin/category/get-all [status: 401 - message: Không thể xác thực, vui lòng kiểm tra trạng thái đăng nhập]
[2024-08-10 14:07:47] 	GET /api/admin/category/get-all [status: 401 - message: Không thể xác thực, vui lòng kiểm tra trạng thái đăng nhập]
[2024-08-10 14:09:06] 	GET /api/admin/get-employees [status: 401 - message: Không thể xác thực, vui lòng kiểm tra trạng thái đăng nhập]
[2024-08-10 14:09:06] 	GET /api/admin/get-resource-rbac [status: 401 - message: Không thể xác thực, vui lòng kiểm tra trạng thái đăng nhập]
[2024-08-10 14:09:07] 	OPTIONS /api/order/promotion [status: 500 - message: Không tìm thấy đường dẫn]
[2024-08-10 14:09:07] 	GET /api/admin/area/get-all [status: 500 - message: ]
[2024-08-10 14:09:08] 	GET /api/admin/printer/get-printer-type [status: 401 - message: Không thể xác thực, vui lòng kiểm tra trạng thái đăng nhập]
[2024-08-10 14:09:08] 	GET /api/admin/printer/get-all [status: 401 - message: Không thể xác thực, vui lòng kiểm tra trạng thái đăng nhập]
[2024-08-10 14:09:08] 	GET /api/admin/area/get-all [status: 500 - message: ]
[2024-08-10 14:09:09] 	GET /api/admin/order/get-revenue?from=2024-08-10&to=2024-08-10 [status: 401 - message: Không thể xác thực, vui lòng kiểm tra trạng thái đăng nhập]
[2024-08-10 14:09:09] 	GET /api/admin/area/get-all [status: 500 - message: ]
[2024-08-10 14:09:10] 	GET /api/admin/order/get-revenue?from=2024-08-10&to=2024-08-10 [status: 401 - message: Không thể xác thực, vui lòng kiểm tra trạng thái đăng nhập]
[2024-08-10 14:09:38] 	OPTIONS /api/order/processing-ticket/kitchen?page=1 [status: 500 - message: Không tìm thấy đường dẫn]
[2024-08-10 14:09:41] 	OPTIONS /api/order/processing-ticket/bar?page=1 [status: 500 - message: Không tìm thấy đường dẫn]
[2024-08-10 14:09:42] 	OPTIONS /api/order/promotion [status: 500 - message: Không tìm thấy đường dẫn]
[2024-08-10 14:09:42] 	GET /api/admin/area/get-all [status: 500 - message: ]
[2024-08-10 14:09:43] 	GET /api/admin/printer/get-printer-type [status: 401 - message: Không thể xác thực, vui lòng kiểm tra trạng thái đăng nhập]
[2024-08-10 14:09:43] 	GET /api/admin/printer/get-all [status: 401 - message: Không thể xác thực, vui lòng kiểm tra trạng thái đăng nhập]
[2024-08-10 14:09:43] 	GET /api/admin/area/get-all [status: 500 - message: ]
[2024-08-10 14:09:44] 	GET /api/admin/get-employees [status: 401 - message: Không thể xác thực, vui lòng kiểm tra trạng thái đăng nhập]
[2024-08-10 14:09:44] 	GET /api/admin/get-resource-rbac [status: 401 - message: Không thể xác thực, vui lòng kiểm tra trạng thái đăng nhập]
[2024-08-10 14:09:45] 	GET /api/admin/promotion/get-all [status: 401 - message: Không thể xác thực, vui lòng kiểm tra trạng thái đăng nhập]
[2024-08-10 14:09:45] 	GET /api/admin/promotion/get-form-promotion [status: 401 - message: Không thể xác thực, vui lòng kiểm tra trạng thái đăng nhập]
[2024-08-10 14:09:45] 	GET /api/admin/area/get-all [status: 500 - message: ]
[2024-08-10 14:09:46] 	GET /api/admin/category/get-all [status: 401 - message: Không thể xác thực, vui lòng kiểm tra trạng thái đăng nhập]
[2024-08-10 14:10:47] 	OPTIONS /api/notification/get-notifications [status: 401 - message: Thiếu mã JWT]
[2024-08-10 14:10:47] 	OPTIONS /api/notification/num-notification [status: 401 - message: Thiếu mã JWT]
[2024-08-10 14:10:47] 	GET /api/notification/get-notifications [status: 401 - message: Thiếu mã JWT]
[2024-08-10 14:10:47] 	GET /api/admin/area/get-all [status: 500 - message: ]
[2024-08-10 14:10:47] 	GET /api/notification/num-notification [status: 401 - message: Thiếu mã JWT]
[2024-08-10 14:10:49] 	GET /api/admin/area/get-all [status: 500 - message: ]
[2024-08-10 14:10:49] 	OPTIONS /api/order/online/districts/79 [status: 500 - message: Không tìm thấy đường dẫn]
[2024-08-10 14:10:49] 	OPTIONS /api/order/menu/search?keyword= [status: 500 - message: Không tìm thấy đường dẫn]
[2024-08-10 14:10:49] 	OPTIONS /api/order/promotion [status: 500 - message: Không tìm thấy đường dẫn]
[2024-08-10 14:10:49] 	OPTIONS /api/order/online/provinces [status: 500 - message: Không tìm thấy đường dẫn]
[2024-08-10 14:10:49] 	OPTIONS /api/order/category/get-all [status: 500 - message: Không tìm thấy đường dẫn]
[2024-08-10 14:10:49] 	OPTIONS /api/notification/get-notifications [status: 401 - message: Thiếu mã JWT]
[2024-08-10 14:10:49] 	OPTIONS /api/notification/num-notification [status: 401 - message: Thiếu mã JWT]
[2024-08-10 14:10:49] 	OPTIONS /api/order/menu/get-list [status: 500 - message: Không tìm thấy đường dẫn]
[2024-08-10 14:10:49] 	GET /api/admin/area/get-all [status: 500 - message: ]
[2024-08-10 14:10:49] 	GET /api/order/menu/search?keyword= [status: 500 - message: Thiếu từ khóa tìm kiếm]
[2024-08-10 14:10:49] 	GET /api/notification/get-notifications [status: 401 - message: Thiếu mã JWT]
[2024-08-10 14:10:49] 	GET /api/notification/num-notification [status: 401 - message: Thiếu mã JWT]
[2024-08-10 14:11:26] 	OPTIONS /api/order/menu/get-by-category/2 [status: 500 - message: Không tìm thấy đường dẫn]
[2024-08-10 14:11:27] 	OPTIONS /api/order/menu/get-by-category/3 [status: 500 - message: Không tìm thấy đường dẫn]
[2024-08-10 14:11:28] 	OPTIONS /api/order/menu/get-by-category/4 [status: 500 - message: Không tìm thấy đường dẫn]
[2024-08-10 14:11:28] 	OPTIONS /api/order/menu/get-by-category/5 [status: 500 - message: Không tìm thấy đường dẫn]
[2024-08-10 14:11:30] 	OPTIONS /api/order/menu/get-by-category/6 [status: 500 - message: Không tìm thấy đường dẫn]
[2024-08-10 14:11:31] 	OPTIONS /api/order/menu/get-by-category/7 [status: 500 - message: Không tìm thấy đường dẫn]
[2024-08-10 14:11:33] 	OPTIONS /api/order/menu/get-by-category/8 [status: 500 - message: Không tìm thấy đường dẫn]
[2024-08-10 14:11:33] 	OPTIONS /api/order/menu/get-by-category/9 [status: 500 - message: Không tìm thấy đường dẫn]
[2024-08-10 14:11:36] 	OPTIONS /api/order/menu/get-by-category/10 [status: 500 - message: Không tìm thấy đường dẫn]
[2024-08-10 14:12:02] 	OPTIONS /api/statistics/get-revenue?from=2024-02-10T00%3A00%3A00&to=2024-08-10T00%3A00%3A00 [status: 401 - message: Không thể xác thực, vui lòng kiểm tra trạng thái đăng nhập]
[2024-08-10 14:12:02] 	GET /api/statistics/get-revenue?from=2024-02-10T00%3A00%3A00&to=2024-08-10T00%3A00%3A00 [status: 401 - message: Không thể xác thực, vui lòng kiểm tra trạng thái đăng nhập]
[2024-08-10 14:12:02] 	GET /api/admin/area/get-all [status: 500 - message: ]
[2024-08-10 14:12:02] 	OPTIONS /api/notification/get-notifications [status: 401 - message: Thiếu mã JWT]
[2024-08-10 14:12:02] 	OPTIONS /api/notification/num-notification [status: 401 - message: Thiếu mã JWT]
[2024-08-10 14:12:02] 	GET /api/notification/get-notifications [status: 401 - message: Thiếu mã JWT]
[2024-08-10 14:12:02] 	GET /api/notification/num-notification [status: 401 - message: Thiếu mã JWT]
[2024-08-10 14:12:25] 	GET /api/admin/category/get-all [status: 401 - message: Không thể xác thực, vui lòng kiểm tra trạng thái đăng nhập]
[2024-08-10 14:13:02] 	OPTIONS /api/order/online/districts/79 [status: 500 - message: Không tìm thấy đường dẫn]
[2024-08-10 14:13:02] 	OPTIONS /api/order/menu/search?keyword= [status: 500 - message: Không tìm thấy đường dẫn]
[2024-08-10 14:13:02] 	OPTIONS /api/order/online/provinces [status: 500 - message: Không tìm thấy đường dẫn]
[2024-08-10 14:13:02] 	OPTIONS /api/order/promotion [status: 500 - message: Không tìm thấy đường dẫn]
[2024-08-10 14:13:02] 	OPTIONS /api/order/category/get-all [status: 500 - message: Không tìm thấy đường dẫn]
[2024-08-10 14:13:02] 	OPTIONS /api/order/menu/get-list [status: 500 - message: Không tìm thấy đường dẫn]
[2024-08-10 14:13:02] 	OPTIONS /api/notification/num-notification [status: 401 - message: Thiếu mã JWT]
[2024-08-10 14:13:02] 	OPTIONS /api/notification/get-notifications [status: 401 - message: Thiếu mã JWT]
[2024-08-10 14:13:02] 	GET /api/order/menu/search?keyword= [status: 500 - message: Thiếu từ khóa tìm kiếm]
[2024-08-10 14:13:02] 	GET /api/admin/area/get-all [status: 500 - message: ]
[2024-08-10 14:13:02] 	GET /api/notification/num-notification [status: 401 - message: Thiếu mã JWT]
[2024-08-10 14:13:02] 	GET /api/notification/get-notifications [status: 401 - message: Thiếu mã JWT]
[2024-08-10 14:13:02] 	GET /api/admin/area/get-all [status: 500 - message: ]
[2024-08-10 14:13:12] 	OPTIONS /api/order/menu/get-by-category/2 [status: 500 - message: Không tìm thấy đường dẫn]
[2024-08-10 14:13:13] 	OPTIONS /api/order/menu/get-by-category/1 [status: 500 - message: Không tìm thấy đường dẫn]
[2024-08-10 14:13:15] 	OPTIONS /api/order/menu/get-by-category/3 [status: 500 - message: Không tìm thấy đường dẫn]
[2024-08-10 14:13:16] 	OPTIONS /api/order/menu/get-by-category/4 [status: 500 - message: Không tìm thấy đường dẫn]
[2024-08-10 14:14:18] 	OPTIONS /api/order/menu/search?keyword=c [status: 500 - message: Không tìm thấy đường dẫn]
[2024-08-10 14:14:18] 	OPTIONS /api/order/menu/search?keyword=ch [status: 500 - message: Không tìm thấy đường dẫn]
[2024-08-10 14:14:18] 	OPTIONS /api/order/menu/search?keyword=cha [status: 500 - message: Không tìm thấy đường dẫn]
[2024-08-10 14:14:18] 	OPTIONS /api/order/menu/search?keyword=cha%C2%B7 [status: 500 - message: Không tìm thấy đường dẫn]
[2024-08-10 14:14:18] 	OPTIONS /api/order/menu/search?keyword=ch%E1%BA%A3 [status: 500 - message: Không tìm thấy đường dẫn]
[2024-08-10 14:14:24] 	OPTIONS /api/order/menu/search?keyword= [status: 500 - message: Không tìm thấy đường dẫn]
[2024-08-10 14:14:24] 	OPTIONS /api/order/menu/get-list [status: 500 - message: Không tìm thấy đường dẫn]
[2024-08-10 14:14:24] 	GET /api/order/menu/search?keyword= [status: 500 - message: Thiếu từ khóa tìm kiếm]
[2024-08-10 14:15:05] 	OPTIONS /api/recommend/menu [status: 500 - message: ]
[2024-08-10 14:15:05] 	GET /api/recommend/menu [status: 500 - message: ]
[2024-08-10 14:15:06] 	OPTIONS /api/recommend/menu [status: 500 - message: ]
[2024-08-10 14:15:06] 	GET /api/recommend/menu [status: 500 - message: ]
[2024-08-10 14:15:07] 	OPTIONS /api/recommend/menu [status: 500 - message: ]
[2024-08-10 14:15:07] 	GET /api/recommend/menu [status: 500 - message: ]
[2024-08-10 14:15:08] 	OPTIONS /api/recommend/menu [status: 500 - message: ]
[2024-08-10 14:15:08] 	GET /api/recommend/menu [status: 500 - message: ]
[2024-08-10 14:15:10] 	OPTIONS /api/order/menu/get-by-category/2 [status: 500 - message: Không tìm thấy đường dẫn]
[2024-08-10 14:15:11] 	OPTIONS /api/recommend/menu [status: 500 - message: ]
[2024-08-10 14:15:11] 	GET /api/recommend/menu [status: 500 - message: ]
[2024-08-10 14:15:12] 	OPTIONS /api/recommend/menu [status: 500 - message: ]
[2024-08-10 14:15:12] 	GET /api/recommend/menu [status: 500 - message: ]
[2024-08-10 14:25:16] 	POST /api/admin/order/menu-employee [status: 500 - message: Không tìm thấy đường dẫn] - body: [{"_id":"4","quantity":3,"note":"Không hành"},{"_id":"19","quantity":2,"note":"Không hẹ"},{"_id":"32","quantity":1,"note":"Ít ngọt"}] - userid: 0123456789
[2024-08-10 14:28:30] 	GET /api/order/verify-slug/1 [status: 500 - message: Mã đặt bàn không hợp lệ, vui lòng quét lại QR] - userid: 0123456789
