[2024-08-05 00:00:08] 	GET /api/order/menu/search?keyword= [status: 500 - message: Thiếu từ khóa tìm kiếm] - userid: 0123456789
[2024-08-05 00:00:33] 	GET /api/order/menu/search?keyword= [status: 500 - message: Thiếu từ khóa tìm kiếm] - userid: 0123456789
[2024-08-05 00:01:14] 	GET /api/recommend/menu [status: 500 - message: ] - userid: 0123456789
[2024-08-05 00:01:19] 	GET /api/recommend/menu [status: 500 - message: ] - userid: 0123456789
[2024-08-05 00:01:50] 	GET /api/order/menu/search?keyword= [status: 500 - message: Thiếu từ khóa tìm kiếm] - userid: 0123456789
[2024-08-05 00:02:13] 	GET /api/order/menu/search?keyword= [status: 500 - message: Thiếu từ khóa tìm kiếm] - userid: 0123456789
[2024-08-05 00:02:20] 	GET /api/recommend/menu [status: 500 - message: ] - userid: 0123456789
[2024-08-05 00:02:43] 	GET /api/order/menu/search?keyword= [status: 500 - message: Thiếu từ khóa tìm kiếm] - userid: 0123456789
[2024-08-05 00:02:58] 	GET /api/order/menu/search?keyword= [status: 500 - message: Thiếu từ khóa tìm kiếm] - userid: 0123456789
[2024-08-05 00:03:23] 	GET /api/order/menu/search?keyword= [status: 500 - message: Thiếu từ khóa tìm kiếm] - userid: 0123456789
[2024-08-05 00:03:55] 	GET /api/order/menu/search?keyword= [status: 500 - message: Thiếu từ khóa tìm kiếm] - userid: 0123456789
[2024-08-05 00:04:14] 	GET /api/order/menu/search?keyword= [status: 500 - message: Thiếu từ khóa tìm kiếm] - userid: 0123456789
[2024-08-05 00:04:21] 	GET /api/order/menu/search?keyword= [status: 500 - message: Thiếu từ khóa tìm kiếm] - userid: 0123456789
[2024-08-05 00:04:43] 	GET /api/order/menu/search?keyword= [status: 500 - message: Thiếu từ khóa tìm kiếm] - userid: 0123456789
[2024-08-05 00:04:54] 	GET /api/order/menu/search?keyword= [status: 500 - message: Thiếu từ khóa tìm kiếm] - userid: 0123456789
[2024-08-05 00:05:16] 	GET /api/order/menu/search?keyword= [status: 500 - message: Thiếu từ khóa tìm kiếm] - userid: 0123456789
[2024-08-05 00:05:43] 	GET /api/order/menu/search?keyword= [status: 500 - message: Thiếu từ khóa tìm kiếm] - userid: 0123456789
[2024-08-05 00:06:48] 	GET /api/order/menu/search?keyword= [status: 500 - message: Thiếu từ khóa tìm kiếm] - userid: 0123456789
[2024-08-05 00:09:44] 	GET /api/order/menu/search?keyword= [status: 500 - message: Thiếu từ khóa tìm kiếm] - userid: 0123456789
[2024-08-05 00:10:06] 	GET /api/order/menu/search?keyword= [status: 500 - message: Thiếu từ khóa tìm kiếm] - userid: 0123456789
[2024-08-05 00:11:43] 	GET /api/recommend/menu [status: 500 - message: ] - userid: 0123456789
[2024-08-05 00:29:49] 	GET /api/order/menu/search?keyword= [status: 500 - message: Thiếu từ khóa tìm kiếm] - userid: 0123456789
[2024-08-05 00:50:23] 	GET /api/order/menu/search?keyword= [status: 500 - message: Thiếu từ khóa tìm kiếm] - userid: 0123456789
[2024-08-05 00:50:37] 	GET /api/order/menu/search?keyword= [status: 500 - message: Thiếu từ khóa tìm kiếm] - userid: 0123456789
[2024-08-05 00:50:42] 	GET /api/order/menu/search?keyword= [status: 500 - message: Thiếu từ khóa tìm kiếm] - userid: 0123456789
[2024-08-05 00:56:50] 	GET /api/order/menu/search?keyword= [status: 500 - message: Thiếu từ khóa tìm kiếm] - userid: 0123456789
[2024-08-05 00:56:54] 	GET /api/order/menu/search?keyword= [status: 500 - message: Thiếu từ khóa tìm kiếm] - userid: 0123456789
[2024-08-05 00:58:40] 	GET /api/order/menu/search?keyword= [status: 500 - message: Thiếu từ khóa tìm kiếm] - userid: 0123456789
[2024-08-05 00:59:56] 	GET /api/order/menu/search?keyword= [status: 500 - message: Thiếu từ khóa tìm kiếm] - userid: 0123456789
[2024-08-05 01:00:46] 	GET /api/order/menu/search?keyword= [status: 500 - message: Thiếu từ khóa tìm kiếm] - userid: 0123456789
[2024-08-05 01:01:21] 	GET /api/order/menu/search?keyword= [status: 500 - message: Thiếu từ khóa tìm kiếm] - userid: 0123456789
[2024-08-05 01:02:40] 	GET /api/order/menu/search?keyword= [status: 500 - message: Thiếu từ khóa tìm kiếm] - userid: 0123456789
[2024-08-05 01:03:16] 	GET /api/order/menu/search?keyword= [status: 500 - message: Thiếu từ khóa tìm kiếm] - userid: 0123456789
[2024-08-05 01:03:37] 	GET /api/order/menu/search?keyword= [status: 500 - message: Thiếu từ khóa tìm kiếm] - userid: 0123456789
[2024-08-05 01:05:47] 	GET /api/order/menu/search?keyword= [status: 500 - message: Thiếu từ khóa tìm kiếm] - userid: 0123456789
[2024-08-05 01:06:19] 	GET /api/order/menu/search?keyword= [status: 500 - message: Thiếu từ khóa tìm kiếm] - userid: 0123456789
[2024-08-05 01:06:48] 	GET /api/order/menu/search?keyword= [status: 500 - message: Thiếu từ khóa tìm kiếm] - userid: 0123456789
[2024-08-05 01:07:23] 	GET /api/order/menu/search?keyword= [status: 500 - message: Thiếu từ khóa tìm kiếm] - userid: 0123456789
[2024-08-05 01:07:57] 	GET /api/order/menu/search?keyword= [status: 500 - message: Thiếu từ khóa tìm kiếm] - userid: 0123456789
[2024-08-05 01:08:37] 	GET /api/order/menu/search?keyword= [status: 500 - message: Thiếu từ khóa tìm kiếm] - userid: 0123456789
[2024-08-05 01:09:28] 	GET /api/order/menu/search?keyword= [status: 500 - message: Thiếu từ khóa tìm kiếm] - userid: 0123456789
[2024-08-05 01:09:39] 	GET /api/order/menu/search?keyword= [status: 500 - message: Thiếu từ khóa tìm kiếm] - userid: 0123456789
[2024-08-05 01:10:21] 	GET /api/order/menu/search?keyword= [status: 500 - message: Thiếu từ khóa tìm kiếm] - userid: 0123456789
[2024-08-05 01:10:32] 	GET /api/order/menu/search?keyword= [status: 500 - message: Thiếu từ khóa tìm kiếm] - userid: 0123456789
[2024-08-05 01:10:46] 	GET /api/order/menu/search?keyword= [status: 500 - message: Thiếu từ khóa tìm kiếm] - userid: 0123456789
[2024-08-05 01:10:57] 	GET /api/order/menu/search?keyword= [status: 500 - message: Thiếu từ khóa tìm kiếm] - userid: 0123456789
[2024-08-05 01:11:06] 	GET /api/order/menu/search?keyword= [status: 500 - message: Thiếu từ khóa tìm kiếm] - userid: 0123456789
[2024-08-05 01:11:21] 	GET /api/order/menu/search?keyword= [status: 500 - message: Thiếu từ khóa tìm kiếm] - userid: 0123456789
[2024-08-05 01:12:29] 	GET /api/order/menu/search?keyword= [status: 500 - message: Thiếu từ khóa tìm kiếm] - userid: 0123456789
[2024-08-05 01:14:13] 	GET /api/order/menu/search?keyword= [status: 500 - message: Thiếu từ khóa tìm kiếm] - userid: 0123456789
[2024-08-05 01:15:35] 	GET /api/order/menu/search?keyword= [status: 500 - message: Thiếu từ khóa tìm kiếm] - userid: 0123456789
[2024-08-05 01:15:56] 	GET /api/order/menu/search?keyword= [status: 500 - message: Thiếu từ khóa tìm kiếm] - userid: 0123456789
[2024-08-05 01:17:08] 	GET /api/order/menu/search?keyword= [status: 500 - message: Thiếu từ khóa tìm kiếm] - userid: 0123456789
[2024-08-05 01:17:20] 	GET /api/order/menu/search?keyword= [status: 500 - message: Thiếu từ khóa tìm kiếm] - userid: 0123456789
[2024-08-05 01:18:38] 	GET /api/order/menu/search?keyword= [status: 500 - message: Thiếu từ khóa tìm kiếm] - userid: 0123456789
[2024-08-05 01:21:10] 	GET /api/order/menu/search?keyword= [status: 500 - message: Thiếu từ khóa tìm kiếm] - userid: 0123456789
[2024-08-05 01:22:10] 	GET /api/order/menu/search?keyword= [status: 500 - message: Thiếu từ khóa tìm kiếm] - userid: 0123456789
[2024-08-05 01:23:59] 	GET /api/order/menu/search?keyword= [status: 500 - message: Thiếu từ khóa tìm kiếm] - userid: 0123456789
[2024-08-05 01:28:30] 	GET /api/order/menu/search?keyword= [status: 500 - message: Thiếu từ khóa tìm kiếm] - userid: 0123456789
[2024-08-05 01:31:24] 	GET /api/order/menu/search?keyword= [status: 500 - message: Thiếu từ khóa tìm kiếm] - userid: 0123456789
[2024-08-05 01:33:03] 	GET /api/order/menu/search?keyword= [status: 500 - message: Thiếu từ khóa tìm kiếm] - userid: 0123456789
[2024-08-05 01:33:44] 	GET /api/order/menu/search?keyword= [status: 500 - message: Thiếu từ khóa tìm kiếm] - userid: 0123456789
[2024-08-05 01:34:05] 	GET /api/order/menu/search?keyword= [status: 500 - message: Thiếu từ khóa tìm kiếm] - userid: 0123456789
[2024-08-05 01:35:21] 	GET /api/order/menu/search?keyword= [status: 500 - message: Thiếu từ khóa tìm kiếm] - userid: 0123456789
[2024-08-05 01:37:19] 	GET /api/order/menu/search?keyword= [status: 500 - message: Thiếu từ khóa tìm kiếm] - userid: 0123456789
[2024-08-05 01:37:38] 	GET /api/order/menu/search?keyword= [status: 500 - message: Thiếu từ khóa tìm kiếm] - userid: 0123456789
[2024-08-05 01:37:46] 	GET /api/order/menu/search?keyword= [status: 500 - message: Thiếu từ khóa tìm kiếm] - userid: 0123456789
[2024-08-05 01:37:57] 	GET /api/order/menu/search?keyword= [status: 500 - message: Thiếu từ khóa tìm kiếm] - userid: 0123456789
[2024-08-05 01:38:43] 	GET /api/order/menu/search?keyword= [status: 500 - message: Thiếu từ khóa tìm kiếm] - userid: 0123456789
[2024-08-05 01:44:00] 	GET /api/order/menu/search?keyword= [status: 500 - message: Thiếu từ khóa tìm kiếm] - userid: 0123456789
[2024-08-05 01:44:09] 	GET /api/order/menu/search?keyword= [status: 500 - message: Thiếu từ khóa tìm kiếm] - userid: 0123456789
[2024-08-05 01:45:43] 	GET /api/order/menu/search?keyword= [status: 500 - message: Thiếu từ khóa tìm kiếm] - userid: 0123456789
[2024-08-05 01:46:00] 	GET /api/order/menu/search?keyword= [status: 500 - message: Thiếu từ khóa tìm kiếm] - userid: 0123456789
[2024-08-05 02:09:21] 	GET /api/order/menu/search?keyword= [status: 500 - message: Thiếu từ khóa tìm kiếm] - userid: 0123456789
[2024-08-05 02:11:38] 	GET /api/order/menu/search?keyword= [status: 500 - message: Thiếu từ khóa tìm kiếm] - userid: 0123456789
[2024-08-05 02:12:54] 	GET /api/order/menu/search?keyword= [status: 500 - message: Thiếu từ khóa tìm kiếm] - userid: 0123456789
[2024-08-05 02:14:16] 	POST /api/order/rating [status: 500 - message: Không tìm thấy đơn hàng hoặc đơn hàng chưa hoàn thành hoặc đơn hàng đã đánh giá] - body: {"orderId":"66afd2d6c4dab44e7c52ca72","order":[{"menuId":3,"comment":"tretre","rating":4}]} - userid: 0123456789
[2024-08-05 02:17:06] 	GET /api/order/menu/search?keyword= [status: 500 - message: Thiếu từ khóa tìm kiếm] - userid: 0123456789
[2024-08-05 02:18:15] 	POST /api/order/rating [status: 500 - message: Không tìm thấy đơn hàng hoặc đơn hàng chưa hoàn thành hoặc đơn hàng đã đánh giá] - body: {"orderId":"66afd3cbc4dab44e7c52ca7e","order":[{"menuId":1,"comment":"eqwew","rating":4}]} - userid: 0123456789
[2024-08-05 02:37:55] 	GET /api/order/menu/search?keyword= [status: 500 - message: Thiếu từ khóa tìm kiếm] - userid: 0123456789
[2024-08-05 02:41:03] 	GET /api/order/menu/search?keyword= [status: 500 - message: Thiếu từ khóa tìm kiếm] - userid: 0372976121
[2024-08-05 02:41:51] 	GET /api/order/menu/search?keyword= [status: 500 - message: Thiếu từ khóa tìm kiếm] - userid: 0372976121
[2024-08-05 02:46:54] 	GET /api/order/menu/search?keyword= [status: 500 - message: Thiếu từ khóa tìm kiếm] - userid: 0372976121
[2024-08-05 02:48:18] 	GET /api/admin/category/get-all [status: 401 - message: Không thể xác thực tài khoản] - userid: 0372976121
[2024-08-05 02:48:29] 	GET /api/order/menu/search?keyword= [status: 500 - message: Thiếu từ khóa tìm kiếm] - userid: 0372976121
[2024-08-05 02:56:02] 	GET /api/order/menu/search?keyword= [status: 500 - message: Thiếu từ khóa tìm kiếm] - userid: 0372976121
[2024-08-05 02:56:03] 	GET /api/order/menu/search?keyword= [status: 500 - message: Thiếu từ khóa tìm kiếm] - userid: 0372976121
[2024-08-05 02:56:47] 	GET /api/order/menu/search?keyword= [status: 500 - message: Thiếu từ khóa tìm kiếm] - userid: 0372976121
[2024-08-05 02:56:48] 	GET /api/order/menu/search?keyword= [status: 500 - message: Thiếu từ khóa tìm kiếm] - userid: 0372976121
[2024-08-05 02:59:22] 	GET /api/order/menu/search?keyword= [status: 500 - message: Thiếu từ khóa tìm kiếm] - userid: 0372976121
[2024-08-05 02:59:22] 	GET /api/order/menu/search?keyword= [status: 500 - message: Thiếu từ khóa tìm kiếm] - userid: 0372976121
[2024-08-05 03:00:46] 	GET /api/order/menu/search?keyword= [status: 500 - message: Thiếu từ khóa tìm kiếm] - userid: 0372976121
[2024-08-05 03:00:46] 	GET /api/order/menu/search?keyword= [status: 500 - message: Thiếu từ khóa tìm kiếm] - userid: 0372976121
[2024-08-05 03:01:09] 	GET /api/order/menu/search?keyword= [status: 500 - message: Thiếu từ khóa tìm kiếm] - userid: 0372976121
[2024-08-05 03:01:10] 	GET /api/order/menu/search?keyword= [status: 500 - message: Thiếu từ khóa tìm kiếm] - userid: 0372976121
[2024-08-05 03:01:13] 	GET /api/order/menu/search?keyword= [status: 500 - message: Thiếu từ khóa tìm kiếm] - userid: 0372976121
[2024-08-05 03:02:05] 	GET /api/order/menu/search?keyword= [status: 500 - message: Thiếu từ khóa tìm kiếm] - userid: 0372976121
[2024-08-05 03:02:05] 	GET /api/order/menu/search?keyword= [status: 500 - message: Thiếu từ khóa tìm kiếm] - userid: 0372976121
[2024-08-05 03:03:49] 	POST /api/order/rating [status: 500 - message: Không tìm thấy đơn hàng hoặc đơn hàng chưa hoàn thành hoặc đơn hàng đã đánh giá] - body: {"orderId":"66afde73c8b9fa0b081e5a44","order":[{"menuId":4,"comment":"","rating":3},{"menuId":5,"comment":"","rating":0}]} - userid: 0372976121
[2024-08-05 03:03:57] 	GET /api/statistics/get-revenue?from=2024-02-05T00%3A00%3A00&to=2024-08-05T00%3A00%3A00 [status: 401 - message: Không thể xác thực tài khoản] - userid: 0372976121
[2024-08-05 03:03:58] 	GET /api/order/menu/search?keyword= [status: 500 - message: Thiếu từ khóa tìm kiếm] - userid: 0372976121
[2024-08-05 03:04:00] 	GET /api/statistics/get-revenue?from=2024-02-05T00%3A00%3A00&to=2024-08-05T00%3A00%3A00 [status: 401 - message: Không thể xác thực tài khoản] - userid: 0372976121
[2024-08-05 03:04:00] 	GET /api/order/menu/search?keyword= [status: 500 - message: Thiếu từ khóa tìm kiếm] - userid: 0372976121
[2024-08-05 03:04:12] 	GET /api/order/menu/search?keyword= [status: 500 - message: Thiếu từ khóa tìm kiếm] - userid: 0372976121
